2021-01-19 09:39:01.920 [restartedMain] WARN  org.mybatis.spring.mapper.ClassPathMapperScanner - Skipping MapperFactoryBean with name 'cartoonDao' and 'com.lpf.ecs_springboot.dao.CartoonDao' mapperInterface. Bean already defined with the same name!
2021-01-19 09:39:01.922 [restartedMain] WARN  org.mybatis.spring.mapper.ClassPathMapperScanner - Skipping MapperFactoryBean with name 'mysqlOperaterDao' and 'com.lpf.ecs_springboot.dao.MysqlOperaterDao' mapperInterface. Bean already defined with the same name!
2021-01-19 09:39:01.922 [restartedMain] WARN  org.mybatis.spring.mapper.ClassPathMapperScanner - Skipping MapperFactoryBean with name 'noteDao' and 'com.lpf.ecs_springboot.dao.NoteDao' mapperInterface. Bean already defined with the same name!
2021-01-19 09:39:01.923 [restartedMain] WARN  org.mybatis.spring.mapper.ClassPathMapperScanner - Skipping MapperFactoryBean with name 'novelDao' and 'com.lpf.ecs_springboot.dao.NovelDao' mapperInterface. Bean already defined with the same name!
2021-01-19 09:39:01.923 [restartedMain] WARN  org.mybatis.spring.mapper.ClassPathMapperScanner - Skipping MapperFactoryBean with name 'touziDao' and 'com.lpf.ecs_springboot.dao.TouziDao' mapperInterface. Bean already defined with the same name!
2021-01-19 09:39:01.924 [restartedMain] WARN  org.mybatis.spring.mapper.ClassPathMapperScanner - Skipping MapperFactoryBean with name 'userDao' and 'com.lpf.ecs_springboot.dao.UserDao' mapperInterface. Bean already defined with the same name!
2021-01-19 09:39:01.924 [restartedMain] WARN  org.mybatis.spring.mapper.ClassPathMapperScanner - Skipping MapperFactoryBean with name 'userInfoDao' and 'com.lpf.ecs_springboot.dao.UserInfoDao' mapperInterface. Bean already defined with the same name!
2021-01-19 09:39:01.924 [restartedMain] WARN  org.mybatis.spring.mapper.ClassPathMapperScanner - No MyBatis mapper was found in '[com.lpf.ecs_springboot]' package. Please check your configuration.
2021-01-19 09:45:25.984 [restartedMain] WARN  org.mybatis.spring.mapper.ClassPathMapperScanner - Skipping MapperFactoryBean with name 'cartoonDao' and 'com.lpf.ecs_springboot.dao.CartoonDao' mapperInterface. Bean already defined with the same name!
2021-01-19 09:45:25.985 [restartedMain] WARN  org.mybatis.spring.mapper.ClassPathMapperScanner - Skipping MapperFactoryBean with name 'mysqlOperaterDao' and 'com.lpf.ecs_springboot.dao.MysqlOperaterDao' mapperInterface. Bean already defined with the same name!
2021-01-19 09:45:25.985 [restartedMain] WARN  org.mybatis.spring.mapper.ClassPathMapperScanner - Skipping MapperFactoryBean with name 'noteDao' and 'com.lpf.ecs_springboot.dao.NoteDao' mapperInterface. Bean already defined with the same name!
2021-01-19 09:45:25.985 [restartedMain] WARN  org.mybatis.spring.mapper.ClassPathMapperScanner - Skipping MapperFactoryBean with name 'novelDao' and 'com.lpf.ecs_springboot.dao.NovelDao' mapperInterface. Bean already defined with the same name!
2021-01-19 09:45:25.985 [restartedMain] WARN  org.mybatis.spring.mapper.ClassPathMapperScanner - Skipping MapperFactoryBean with name 'touziDao' and 'com.lpf.ecs_springboot.dao.TouziDao' mapperInterface. Bean already defined with the same name!
2021-01-19 09:45:25.985 [restartedMain] WARN  org.mybatis.spring.mapper.ClassPathMapperScanner - Skipping MapperFactoryBean with name 'userDao' and 'com.lpf.ecs_springboot.dao.UserDao' mapperInterface. Bean already defined with the same name!
2021-01-19 09:45:25.985 [restartedMain] WARN  org.mybatis.spring.mapper.ClassPathMapperScanner - Skipping MapperFactoryBean with name 'userInfoDao' and 'com.lpf.ecs_springboot.dao.UserInfoDao' mapperInterface. Bean already defined with the same name!
2021-01-19 09:45:25.986 [restartedMain] WARN  org.mybatis.spring.mapper.ClassPathMapperScanner - No MyBatis mapper was found in '[com.lpf.ecs_springboot]' package. Please check your configuration.
2021-01-19 09:48:19.699 [restartedMain] WARN  org.mybatis.spring.mapper.ClassPathMapperScanner - Skipping MapperFactoryBean with name 'cartoonDao' and 'com.lpf.ecs_springboot.dao.CartoonDao' mapperInterface. Bean already defined with the same name!
2021-01-19 09:48:19.700 [restartedMain] WARN  org.mybatis.spring.mapper.ClassPathMapperScanner - Skipping MapperFactoryBean with name 'mysqlOperaterDao' and 'com.lpf.ecs_springboot.dao.MysqlOperaterDao' mapperInterface. Bean already defined with the same name!
2021-01-19 09:48:19.700 [restartedMain] WARN  org.mybatis.spring.mapper.ClassPathMapperScanner - Skipping MapperFactoryBean with name 'noteDao' and 'com.lpf.ecs_springboot.dao.NoteDao' mapperInterface. Bean already defined with the same name!
2021-01-19 09:48:19.700 [restartedMain] WARN  org.mybatis.spring.mapper.ClassPathMapperScanner - Skipping MapperFactoryBean with name 'novelDao' and 'com.lpf.ecs_springboot.dao.NovelDao' mapperInterface. Bean already defined with the same name!
2021-01-19 09:48:19.700 [restartedMain] WARN  org.mybatis.spring.mapper.ClassPathMapperScanner - Skipping MapperFactoryBean with name 'touziDao' and 'com.lpf.ecs_springboot.dao.TouziDao' mapperInterface. Bean already defined with the same name!
2021-01-19 09:48:19.701 [restartedMain] WARN  org.mybatis.spring.mapper.ClassPathMapperScanner - Skipping MapperFactoryBean with name 'userDao' and 'com.lpf.ecs_springboot.dao.UserDao' mapperInterface. Bean already defined with the same name!
2021-01-19 09:48:19.701 [restartedMain] WARN  org.mybatis.spring.mapper.ClassPathMapperScanner - Skipping MapperFactoryBean with name 'userInfoDao' and 'com.lpf.ecs_springboot.dao.UserInfoDao' mapperInterface. Bean already defined with the same name!
2021-01-19 09:48:19.701 [restartedMain] WARN  org.mybatis.spring.mapper.ClassPathMapperScanner - No MyBatis mapper was found in '[com.lpf.ecs_springboot]' package. Please check your configuration.
2021-01-19 09:50:26.175 [restartedMain] WARN  org.mybatis.spring.mapper.ClassPathMapperScanner - Skipping MapperFactoryBean with name 'cartoonDao' and 'com.lpf.ecs_springboot.dao.CartoonDao' mapperInterface. Bean already defined with the same name!
2021-01-19 09:50:26.175 [restartedMain] WARN  org.mybatis.spring.mapper.ClassPathMapperScanner - Skipping MapperFactoryBean with name 'mysqlOperaterDao' and 'com.lpf.ecs_springboot.dao.MysqlOperaterDao' mapperInterface. Bean already defined with the same name!
2021-01-19 09:50:26.176 [restartedMain] WARN  org.mybatis.spring.mapper.ClassPathMapperScanner - Skipping MapperFactoryBean with name 'noteDao' and 'com.lpf.ecs_springboot.dao.NoteDao' mapperInterface. Bean already defined with the same name!
2021-01-19 09:50:26.176 [restartedMain] WARN  org.mybatis.spring.mapper.ClassPathMapperScanner - Skipping MapperFactoryBean with name 'novelDao' and 'com.lpf.ecs_springboot.dao.NovelDao' mapperInterface. Bean already defined with the same name!
2021-01-19 09:50:26.176 [restartedMain] WARN  org.mybatis.spring.mapper.ClassPathMapperScanner - Skipping MapperFactoryBean with name 'touziDao' and 'com.lpf.ecs_springboot.dao.TouziDao' mapperInterface. Bean already defined with the same name!
2021-01-19 09:50:26.176 [restartedMain] WARN  org.mybatis.spring.mapper.ClassPathMapperScanner - Skipping MapperFactoryBean with name 'userDao' and 'com.lpf.ecs_springboot.dao.UserDao' mapperInterface. Bean already defined with the same name!
2021-01-19 09:50:26.176 [restartedMain] WARN  org.mybatis.spring.mapper.ClassPathMapperScanner - Skipping MapperFactoryBean with name 'userInfoDao' and 'com.lpf.ecs_springboot.dao.UserInfoDao' mapperInterface. Bean already defined with the same name!
2021-01-19 09:50:26.176 [restartedMain] WARN  org.mybatis.spring.mapper.ClassPathMapperScanner - No MyBatis mapper was found in '[com.lpf.ecs_springboot]' package. Please check your configuration.
2021-01-19 09:50:49.396 [restartedMain] WARN  org.mybatis.spring.mapper.ClassPathMapperScanner - Skipping MapperFactoryBean with name 'cartoonDao' and 'com.lpf.ecs_springboot.dao.CartoonDao' mapperInterface. Bean already defined with the same name!
2021-01-19 09:50:49.397 [restartedMain] WARN  org.mybatis.spring.mapper.ClassPathMapperScanner - Skipping MapperFactoryBean with name 'mysqlOperaterDao' and 'com.lpf.ecs_springboot.dao.MysqlOperaterDao' mapperInterface. Bean already defined with the same name!
2021-01-19 09:50:49.397 [restartedMain] WARN  org.mybatis.spring.mapper.ClassPathMapperScanner - Skipping MapperFactoryBean with name 'noteDao' and 'com.lpf.ecs_springboot.dao.NoteDao' mapperInterface. Bean already defined with the same name!
2021-01-19 09:50:49.397 [restartedMain] WARN  org.mybatis.spring.mapper.ClassPathMapperScanner - Skipping MapperFactoryBean with name 'novelDao' and 'com.lpf.ecs_springboot.dao.NovelDao' mapperInterface. Bean already defined with the same name!
2021-01-19 09:50:49.397 [restartedMain] WARN  org.mybatis.spring.mapper.ClassPathMapperScanner - Skipping MapperFactoryBean with name 'touziDao' and 'com.lpf.ecs_springboot.dao.TouziDao' mapperInterface. Bean already defined with the same name!
2021-01-19 09:50:49.397 [restartedMain] WARN  org.mybatis.spring.mapper.ClassPathMapperScanner - Skipping MapperFactoryBean with name 'userDao' and 'com.lpf.ecs_springboot.dao.UserDao' mapperInterface. Bean already defined with the same name!
2021-01-19 09:50:49.397 [restartedMain] WARN  org.mybatis.spring.mapper.ClassPathMapperScanner - Skipping MapperFactoryBean with name 'userInfoDao' and 'com.lpf.ecs_springboot.dao.UserInfoDao' mapperInterface. Bean already defined with the same name!
2021-01-19 09:50:49.398 [restartedMain] WARN  org.mybatis.spring.mapper.ClassPathMapperScanner - No MyBatis mapper was found in '[com.lpf.ecs_springboot]' package. Please check your configuration.
2021-01-19 09:54:07.920 [restartedMain] WARN  org.mybatis.spring.mapper.ClassPathMapperScanner - Skipping MapperFactoryBean with name 'cartoonDao' and 'com.lpf.ecs_springboot.dao.CartoonDao' mapperInterface. Bean already defined with the same name!
2021-01-19 09:54:07.921 [restartedMain] WARN  org.mybatis.spring.mapper.ClassPathMapperScanner - Skipping MapperFactoryBean with name 'mysqlOperaterDao' and 'com.lpf.ecs_springboot.dao.MysqlOperaterDao' mapperInterface. Bean already defined with the same name!
2021-01-19 09:54:07.921 [restartedMain] WARN  org.mybatis.spring.mapper.ClassPathMapperScanner - Skipping MapperFactoryBean with name 'noteDao' and 'com.lpf.ecs_springboot.dao.NoteDao' mapperInterface. Bean already defined with the same name!
2021-01-19 09:54:07.921 [restartedMain] WARN  org.mybatis.spring.mapper.ClassPathMapperScanner - Skipping MapperFactoryBean with name 'novelDao' and 'com.lpf.ecs_springboot.dao.NovelDao' mapperInterface. Bean already defined with the same name!
2021-01-19 09:54:07.921 [restartedMain] WARN  org.mybatis.spring.mapper.ClassPathMapperScanner - Skipping MapperFactoryBean with name 'touziDao' and 'com.lpf.ecs_springboot.dao.TouziDao' mapperInterface. Bean already defined with the same name!
2021-01-19 09:54:07.921 [restartedMain] WARN  org.mybatis.spring.mapper.ClassPathMapperScanner - Skipping MapperFactoryBean with name 'userDao' and 'com.lpf.ecs_springboot.dao.UserDao' mapperInterface. Bean already defined with the same name!
2021-01-19 09:54:07.921 [restartedMain] WARN  org.mybatis.spring.mapper.ClassPathMapperScanner - Skipping MapperFactoryBean with name 'userInfoDao' and 'com.lpf.ecs_springboot.dao.UserInfoDao' mapperInterface. Bean already defined with the same name!
2021-01-19 09:54:07.922 [restartedMain] WARN  org.mybatis.spring.mapper.ClassPathMapperScanner - No MyBatis mapper was found in '[com.lpf.ecs_springboot]' package. Please check your configuration.
2021-01-19 10:04:57.337 [restartedMain] WARN  org.mybatis.spring.mapper.ClassPathMapperScanner - Skipping MapperFactoryBean with name 'cartoonDao' and 'com.lpf.ecs_springboot.dao.CartoonDao' mapperInterface. Bean already defined with the same name!
2021-01-19 10:04:57.338 [restartedMain] WARN  org.mybatis.spring.mapper.ClassPathMapperScanner - Skipping MapperFactoryBean with name 'mysqlOperaterDao' and 'com.lpf.ecs_springboot.dao.MysqlOperaterDao' mapperInterface. Bean already defined with the same name!
2021-01-19 10:04:57.339 [restartedMain] WARN  org.mybatis.spring.mapper.ClassPathMapperScanner - Skipping MapperFactoryBean with name 'noteDao' and 'com.lpf.ecs_springboot.dao.NoteDao' mapperInterface. Bean already defined with the same name!
2021-01-19 10:04:57.339 [restartedMain] WARN  org.mybatis.spring.mapper.ClassPathMapperScanner - Skipping MapperFactoryBean with name 'novelDao' and 'com.lpf.ecs_springboot.dao.NovelDao' mapperInterface. Bean already defined with the same name!
2021-01-19 10:04:57.340 [restartedMain] WARN  org.mybatis.spring.mapper.ClassPathMapperScanner - Skipping MapperFactoryBean with name 'touziDao' and 'com.lpf.ecs_springboot.dao.TouziDao' mapperInterface. Bean already defined with the same name!
2021-01-19 10:04:57.340 [restartedMain] WARN  org.mybatis.spring.mapper.ClassPathMapperScanner - Skipping MapperFactoryBean with name 'userDao' and 'com.lpf.ecs_springboot.dao.UserDao' mapperInterface. Bean already defined with the same name!
2021-01-19 10:04:57.340 [restartedMain] WARN  org.mybatis.spring.mapper.ClassPathMapperScanner - Skipping MapperFactoryBean with name 'userInfoDao' and 'com.lpf.ecs_springboot.dao.UserInfoDao' mapperInterface. Bean already defined with the same name!
2021-01-19 10:04:57.341 [restartedMain] WARN  org.mybatis.spring.mapper.ClassPathMapperScanner - No MyBatis mapper was found in '[com.lpf.ecs_springboot]' package. Please check your configuration.
2021-01-19 10:08:49.367 [restartedMain] WARN  org.mybatis.spring.mapper.ClassPathMapperScanner - Skipping MapperFactoryBean with name 'cartoonDao' and 'com.lpf.ecs_springboot.dao.CartoonDao' mapperInterface. Bean already defined with the same name!
2021-01-19 10:08:49.367 [restartedMain] WARN  org.mybatis.spring.mapper.ClassPathMapperScanner - Skipping MapperFactoryBean with name 'mysqlOperaterDao' and 'com.lpf.ecs_springboot.dao.MysqlOperaterDao' mapperInterface. Bean already defined with the same name!
2021-01-19 10:08:49.367 [restartedMain] WARN  org.mybatis.spring.mapper.ClassPathMapperScanner - Skipping MapperFactoryBean with name 'noteDao' and 'com.lpf.ecs_springboot.dao.NoteDao' mapperInterface. Bean already defined with the same name!
2021-01-19 10:08:49.367 [restartedMain] WARN  org.mybatis.spring.mapper.ClassPathMapperScanner - Skipping MapperFactoryBean with name 'novelDao' and 'com.lpf.ecs_springboot.dao.NovelDao' mapperInterface. Bean already defined with the same name!
2021-01-19 10:08:49.367 [restartedMain] WARN  org.mybatis.spring.mapper.ClassPathMapperScanner - Skipping MapperFactoryBean with name 'touziDao' and 'com.lpf.ecs_springboot.dao.TouziDao' mapperInterface. Bean already defined with the same name!
2021-01-19 10:08:49.367 [restartedMain] WARN  org.mybatis.spring.mapper.ClassPathMapperScanner - Skipping MapperFactoryBean with name 'userDao' and 'com.lpf.ecs_springboot.dao.UserDao' mapperInterface. Bean already defined with the same name!
2021-01-19 10:08:49.367 [restartedMain] WARN  org.mybatis.spring.mapper.ClassPathMapperScanner - Skipping MapperFactoryBean with name 'userInfoDao' and 'com.lpf.ecs_springboot.dao.UserInfoDao' mapperInterface. Bean already defined with the same name!
2021-01-19 10:08:49.367 [restartedMain] WARN  org.mybatis.spring.mapper.ClassPathMapperScanner - No MyBatis mapper was found in '[com.lpf.ecs_springboot]' package. Please check your configuration.
2021-01-19 10:09:38.755 [restartedMain] WARN  org.mybatis.spring.mapper.ClassPathMapperScanner - Skipping MapperFactoryBean with name 'cartoonDao' and 'com.lpf.ecs_springboot.dao.CartoonDao' mapperInterface. Bean already defined with the same name!
2021-01-19 10:09:38.756 [restartedMain] WARN  org.mybatis.spring.mapper.ClassPathMapperScanner - Skipping MapperFactoryBean with name 'mysqlOperaterDao' and 'com.lpf.ecs_springboot.dao.MysqlOperaterDao' mapperInterface. Bean already defined with the same name!
2021-01-19 10:09:38.756 [restartedMain] WARN  org.mybatis.spring.mapper.ClassPathMapperScanner - Skipping MapperFactoryBean with name 'noteDao' and 'com.lpf.ecs_springboot.dao.NoteDao' mapperInterface. Bean already defined with the same name!
2021-01-19 10:09:38.756 [restartedMain] WARN  org.mybatis.spring.mapper.ClassPathMapperScanner - Skipping MapperFactoryBean with name 'novelDao' and 'com.lpf.ecs_springboot.dao.NovelDao' mapperInterface. Bean already defined with the same name!
2021-01-19 10:09:38.756 [restartedMain] WARN  org.mybatis.spring.mapper.ClassPathMapperScanner - Skipping MapperFactoryBean with name 'touziDao' and 'com.lpf.ecs_springboot.dao.TouziDao' mapperInterface. Bean already defined with the same name!
2021-01-19 10:09:38.756 [restartedMain] WARN  org.mybatis.spring.mapper.ClassPathMapperScanner - Skipping MapperFactoryBean with name 'userDao' and 'com.lpf.ecs_springboot.dao.UserDao' mapperInterface. Bean already defined with the same name!
2021-01-19 10:09:38.756 [restartedMain] WARN  org.mybatis.spring.mapper.ClassPathMapperScanner - Skipping MapperFactoryBean with name 'userInfoDao' and 'com.lpf.ecs_springboot.dao.UserInfoDao' mapperInterface. Bean already defined with the same name!
2021-01-19 10:09:38.757 [restartedMain] WARN  org.mybatis.spring.mapper.ClassPathMapperScanner - No MyBatis mapper was found in '[com.lpf.ecs_springboot]' package. Please check your configuration.
2021-01-19 10:10:21.214 [restartedMain] WARN  org.mybatis.spring.mapper.ClassPathMapperScanner - Skipping MapperFactoryBean with name 'cartoonDao' and 'com.lpf.ecs_springboot.dao.CartoonDao' mapperInterface. Bean already defined with the same name!
2021-01-19 10:10:21.214 [restartedMain] WARN  org.mybatis.spring.mapper.ClassPathMapperScanner - Skipping MapperFactoryBean with name 'mysqlOperaterDao' and 'com.lpf.ecs_springboot.dao.MysqlOperaterDao' mapperInterface. Bean already defined with the same name!
2021-01-19 10:10:21.214 [restartedMain] WARN  org.mybatis.spring.mapper.ClassPathMapperScanner - Skipping MapperFactoryBean with name 'noteDao' and 'com.lpf.ecs_springboot.dao.NoteDao' mapperInterface. Bean already defined with the same name!
2021-01-19 10:10:21.214 [restartedMain] WARN  org.mybatis.spring.mapper.ClassPathMapperScanner - Skipping MapperFactoryBean with name 'novelDao' and 'com.lpf.ecs_springboot.dao.NovelDao' mapperInterface. Bean already defined with the same name!
2021-01-19 10:10:21.215 [restartedMain] WARN  org.mybatis.spring.mapper.ClassPathMapperScanner - Skipping MapperFactoryBean with name 'touziDao' and 'com.lpf.ecs_springboot.dao.TouziDao' mapperInterface. Bean already defined with the same name!
2021-01-19 10:10:21.215 [restartedMain] WARN  org.mybatis.spring.mapper.ClassPathMapperScanner - Skipping MapperFactoryBean with name 'userDao' and 'com.lpf.ecs_springboot.dao.UserDao' mapperInterface. Bean already defined with the same name!
2021-01-19 10:10:21.215 [restartedMain] WARN  org.mybatis.spring.mapper.ClassPathMapperScanner - Skipping MapperFactoryBean with name 'userInfoDao' and 'com.lpf.ecs_springboot.dao.UserInfoDao' mapperInterface. Bean already defined with the same name!
2021-01-19 10:10:21.215 [restartedMain] WARN  org.mybatis.spring.mapper.ClassPathMapperScanner - No MyBatis mapper was found in '[com.lpf.ecs_springboot]' package. Please check your configuration.
2021-01-19 10:10:50.052 [restartedMain] WARN  org.mybatis.spring.mapper.ClassPathMapperScanner - Skipping MapperFactoryBean with name 'cartoonDao' and 'com.lpf.ecs_springboot.dao.CartoonDao' mapperInterface. Bean already defined with the same name!
2021-01-19 10:10:50.052 [restartedMain] WARN  org.mybatis.spring.mapper.ClassPathMapperScanner - Skipping MapperFactoryBean with name 'mysqlOperaterDao' and 'com.lpf.ecs_springboot.dao.MysqlOperaterDao' mapperInterface. Bean already defined with the same name!
2021-01-19 10:10:50.053 [restartedMain] WARN  org.mybatis.spring.mapper.ClassPathMapperScanner - Skipping MapperFactoryBean with name 'noteDao' and 'com.lpf.ecs_springboot.dao.NoteDao' mapperInterface. Bean already defined with the same name!
2021-01-19 10:10:50.053 [restartedMain] WARN  org.mybatis.spring.mapper.ClassPathMapperScanner - Skipping MapperFactoryBean with name 'novelDao' and 'com.lpf.ecs_springboot.dao.NovelDao' mapperInterface. Bean already defined with the same name!
2021-01-19 10:10:50.053 [restartedMain] WARN  org.mybatis.spring.mapper.ClassPathMapperScanner - Skipping MapperFactoryBean with name 'touziDao' and 'com.lpf.ecs_springboot.dao.TouziDao' mapperInterface. Bean already defined with the same name!
2021-01-19 10:10:50.053 [restartedMain] WARN  org.mybatis.spring.mapper.ClassPathMapperScanner - Skipping MapperFactoryBean with name 'userDao' and 'com.lpf.ecs_springboot.dao.UserDao' mapperInterface. Bean already defined with the same name!
2021-01-19 10:10:50.053 [restartedMain] WARN  org.mybatis.spring.mapper.ClassPathMapperScanner - Skipping MapperFactoryBean with name 'userInfoDao' and 'com.lpf.ecs_springboot.dao.UserInfoDao' mapperInterface. Bean already defined with the same name!
2021-01-19 10:10:50.053 [restartedMain] WARN  org.mybatis.spring.mapper.ClassPathMapperScanner - No MyBatis mapper was found in '[com.lpf.ecs_springboot]' package. Please check your configuration.
2021-01-19 10:12:27.455 [restartedMain] WARN  org.mybatis.spring.mapper.ClassPathMapperScanner - Skipping MapperFactoryBean with name 'cartoonDao' and 'com.lpf.ecs_springboot.dao.CartoonDao' mapperInterface. Bean already defined with the same name!
2021-01-19 10:12:27.456 [restartedMain] WARN  org.mybatis.spring.mapper.ClassPathMapperScanner - Skipping MapperFactoryBean with name 'mysqlOperaterDao' and 'com.lpf.ecs_springboot.dao.MysqlOperaterDao' mapperInterface. Bean already defined with the same name!
2021-01-19 10:12:27.456 [restartedMain] WARN  org.mybatis.spring.mapper.ClassPathMapperScanner - Skipping MapperFactoryBean with name 'noteDao' and 'com.lpf.ecs_springboot.dao.NoteDao' mapperInterface. Bean already defined with the same name!
2021-01-19 10:12:27.456 [restartedMain] WARN  org.mybatis.spring.mapper.ClassPathMapperScanner - Skipping MapperFactoryBean with name 'novelDao' and 'com.lpf.ecs_springboot.dao.NovelDao' mapperInterface. Bean already defined with the same name!
2021-01-19 10:12:27.456 [restartedMain] WARN  org.mybatis.spring.mapper.ClassPathMapperScanner - Skipping MapperFactoryBean with name 'touziDao' and 'com.lpf.ecs_springboot.dao.TouziDao' mapperInterface. Bean already defined with the same name!
2021-01-19 10:12:27.456 [restartedMain] WARN  org.mybatis.spring.mapper.ClassPathMapperScanner - Skipping MapperFactoryBean with name 'userDao' and 'com.lpf.ecs_springboot.dao.UserDao' mapperInterface. Bean already defined with the same name!
2021-01-19 10:12:27.456 [restartedMain] WARN  org.mybatis.spring.mapper.ClassPathMapperScanner - Skipping MapperFactoryBean with name 'userInfoDao' and 'com.lpf.ecs_springboot.dao.UserInfoDao' mapperInterface. Bean already defined with the same name!
2021-01-19 10:12:27.456 [restartedMain] WARN  org.mybatis.spring.mapper.ClassPathMapperScanner - No MyBatis mapper was found in '[com.lpf.ecs_springboot]' package. Please check your configuration.
2021-01-19 10:13:12.089 [restartedMain] WARN  org.mybatis.spring.mapper.ClassPathMapperScanner - Skipping MapperFactoryBean with name 'cartoonDao' and 'com.lpf.ecs_springboot.dao.CartoonDao' mapperInterface. Bean already defined with the same name!
2021-01-19 10:13:12.089 [restartedMain] WARN  org.mybatis.spring.mapper.ClassPathMapperScanner - Skipping MapperFactoryBean with name 'mysqlOperaterDao' and 'com.lpf.ecs_springboot.dao.MysqlOperaterDao' mapperInterface. Bean already defined with the same name!
2021-01-19 10:13:12.089 [restartedMain] WARN  org.mybatis.spring.mapper.ClassPathMapperScanner - Skipping MapperFactoryBean with name 'noteDao' and 'com.lpf.ecs_springboot.dao.NoteDao' mapperInterface. Bean already defined with the same name!
2021-01-19 10:13:12.090 [restartedMain] WARN  org.mybatis.spring.mapper.ClassPathMapperScanner - Skipping MapperFactoryBean with name 'novelDao' and 'com.lpf.ecs_springboot.dao.NovelDao' mapperInterface. Bean already defined with the same name!
2021-01-19 10:13:12.090 [restartedMain] WARN  org.mybatis.spring.mapper.ClassPathMapperScanner - Skipping MapperFactoryBean with name 'touziDao' and 'com.lpf.ecs_springboot.dao.TouziDao' mapperInterface. Bean already defined with the same name!
2021-01-19 10:13:12.090 [restartedMain] WARN  org.mybatis.spring.mapper.ClassPathMapperScanner - Skipping MapperFactoryBean with name 'userDao' and 'com.lpf.ecs_springboot.dao.UserDao' mapperInterface. Bean already defined with the same name!
2021-01-19 10:13:12.090 [restartedMain] WARN  org.mybatis.spring.mapper.ClassPathMapperScanner - Skipping MapperFactoryBean with name 'userInfoDao' and 'com.lpf.ecs_springboot.dao.UserInfoDao' mapperInterface. Bean already defined with the same name!
2021-01-19 10:13:12.090 [restartedMain] WARN  org.mybatis.spring.mapper.ClassPathMapperScanner - No MyBatis mapper was found in '[com.lpf.ecs_springboot]' package. Please check your configuration.
2021-01-19 10:13:30.890 [restartedMain] WARN  org.mybatis.spring.mapper.ClassPathMapperScanner - Skipping MapperFactoryBean with name 'cartoonDao' and 'com.lpf.ecs_springboot.dao.CartoonDao' mapperInterface. Bean already defined with the same name!
2021-01-19 10:13:30.890 [restartedMain] WARN  org.mybatis.spring.mapper.ClassPathMapperScanner - Skipping MapperFactoryBean with name 'mysqlOperaterDao' and 'com.lpf.ecs_springboot.dao.MysqlOperaterDao' mapperInterface. Bean already defined with the same name!
2021-01-19 10:13:30.891 [restartedMain] WARN  org.mybatis.spring.mapper.ClassPathMapperScanner - Skipping MapperFactoryBean with name 'noteDao' and 'com.lpf.ecs_springboot.dao.NoteDao' mapperInterface. Bean already defined with the same name!
2021-01-19 10:13:30.891 [restartedMain] WARN  org.mybatis.spring.mapper.ClassPathMapperScanner - Skipping MapperFactoryBean with name 'novelDao' and 'com.lpf.ecs_springboot.dao.NovelDao' mapperInterface. Bean already defined with the same name!
2021-01-19 10:13:30.891 [restartedMain] WARN  org.mybatis.spring.mapper.ClassPathMapperScanner - Skipping MapperFactoryBean with name 'touziDao' and 'com.lpf.ecs_springboot.dao.TouziDao' mapperInterface. Bean already defined with the same name!
2021-01-19 10:13:30.891 [restartedMain] WARN  org.mybatis.spring.mapper.ClassPathMapperScanner - Skipping MapperFactoryBean with name 'userDao' and 'com.lpf.ecs_springboot.dao.UserDao' mapperInterface. Bean already defined with the same name!
2021-01-19 10:13:30.891 [restartedMain] WARN  org.mybatis.spring.mapper.ClassPathMapperScanner - Skipping MapperFactoryBean with name 'userInfoDao' and 'com.lpf.ecs_springboot.dao.UserInfoDao' mapperInterface. Bean already defined with the same name!
2021-01-19 10:13:30.891 [restartedMain] WARN  org.mybatis.spring.mapper.ClassPathMapperScanner - No MyBatis mapper was found in '[com.lpf.ecs_springboot]' package. Please check your configuration.
2021-01-19 10:14:12.670 [restartedMain] WARN  org.mybatis.spring.mapper.ClassPathMapperScanner - Skipping MapperFactoryBean with name 'cartoonDao' and 'com.lpf.ecs_springboot.dao.CartoonDao' mapperInterface. Bean already defined with the same name!
2021-01-19 10:14:12.671 [restartedMain] WARN  org.mybatis.spring.mapper.ClassPathMapperScanner - Skipping MapperFactoryBean with name 'mysqlOperaterDao' and 'com.lpf.ecs_springboot.dao.MysqlOperaterDao' mapperInterface. Bean already defined with the same name!
2021-01-19 10:14:12.671 [restartedMain] WARN  org.mybatis.spring.mapper.ClassPathMapperScanner - Skipping MapperFactoryBean with name 'noteDao' and 'com.lpf.ecs_springboot.dao.NoteDao' mapperInterface. Bean already defined with the same name!
2021-01-19 10:14:12.671 [restartedMain] WARN  org.mybatis.spring.mapper.ClassPathMapperScanner - Skipping MapperFactoryBean with name 'novelDao' and 'com.lpf.ecs_springboot.dao.NovelDao' mapperInterface. Bean already defined with the same name!
2021-01-19 10:14:12.671 [restartedMain] WARN  org.mybatis.spring.mapper.ClassPathMapperScanner - Skipping MapperFactoryBean with name 'touziDao' and 'com.lpf.ecs_springboot.dao.TouziDao' mapperInterface. Bean already defined with the same name!
2021-01-19 10:14:12.671 [restartedMain] WARN  org.mybatis.spring.mapper.ClassPathMapperScanner - Skipping MapperFactoryBean with name 'userDao' and 'com.lpf.ecs_springboot.dao.UserDao' mapperInterface. Bean already defined with the same name!
2021-01-19 10:14:12.671 [restartedMain] WARN  org.mybatis.spring.mapper.ClassPathMapperScanner - Skipping MapperFactoryBean with name 'userInfoDao' and 'com.lpf.ecs_springboot.dao.UserInfoDao' mapperInterface. Bean already defined with the same name!
2021-01-19 10:14:12.671 [restartedMain] WARN  org.mybatis.spring.mapper.ClassPathMapperScanner - No MyBatis mapper was found in '[com.lpf.ecs_springboot]' package. Please check your configuration.
2021-01-19 10:16:00.353 [restartedMain] WARN  org.mybatis.spring.mapper.ClassPathMapperScanner - Skipping MapperFactoryBean with name 'cartoonDao' and 'com.lpf.ecs_springboot.dao.CartoonDao' mapperInterface. Bean already defined with the same name!
2021-01-19 10:16:00.353 [restartedMain] WARN  org.mybatis.spring.mapper.ClassPathMapperScanner - Skipping MapperFactoryBean with name 'mysqlOperaterDao' and 'com.lpf.ecs_springboot.dao.MysqlOperaterDao' mapperInterface. Bean already defined with the same name!
2021-01-19 10:16:00.353 [restartedMain] WARN  org.mybatis.spring.mapper.ClassPathMapperScanner - Skipping MapperFactoryBean with name 'noteDao' and 'com.lpf.ecs_springboot.dao.NoteDao' mapperInterface. Bean already defined with the same name!
2021-01-19 10:16:00.353 [restartedMain] WARN  org.mybatis.spring.mapper.ClassPathMapperScanner - Skipping MapperFactoryBean with name 'novelDao' and 'com.lpf.ecs_springboot.dao.NovelDao' mapperInterface. Bean already defined with the same name!
2021-01-19 10:16:00.353 [restartedMain] WARN  org.mybatis.spring.mapper.ClassPathMapperScanner - Skipping MapperFactoryBean with name 'touziDao' and 'com.lpf.ecs_springboot.dao.TouziDao' mapperInterface. Bean already defined with the same name!
2021-01-19 10:16:00.353 [restartedMain] WARN  org.mybatis.spring.mapper.ClassPathMapperScanner - Skipping MapperFactoryBean with name 'userDao' and 'com.lpf.ecs_springboot.dao.UserDao' mapperInterface. Bean already defined with the same name!
2021-01-19 10:16:00.353 [restartedMain] WARN  org.mybatis.spring.mapper.ClassPathMapperScanner - Skipping MapperFactoryBean with name 'userInfoDao' and 'com.lpf.ecs_springboot.dao.UserInfoDao' mapperInterface. Bean already defined with the same name!
2021-01-19 10:16:00.353 [restartedMain] WARN  org.mybatis.spring.mapper.ClassPathMapperScanner - No MyBatis mapper was found in '[com.lpf.ecs_springboot]' package. Please check your configuration.
2021-01-19 10:16:24.389 [main] WARN  org.mybatis.spring.mapper.ClassPathMapperScanner - Skipping MapperFactoryBean with name 'cartoonDao' and 'com.lpf.ecs_springboot.dao.CartoonDao' mapperInterface. Bean already defined with the same name!
2021-01-19 10:16:24.389 [main] WARN  org.mybatis.spring.mapper.ClassPathMapperScanner - Skipping MapperFactoryBean with name 'mysqlOperaterDao' and 'com.lpf.ecs_springboot.dao.MysqlOperaterDao' mapperInterface. Bean already defined with the same name!
2021-01-19 10:16:24.389 [main] WARN  org.mybatis.spring.mapper.ClassPathMapperScanner - Skipping MapperFactoryBean with name 'noteDao' and 'com.lpf.ecs_springboot.dao.NoteDao' mapperInterface. Bean already defined with the same name!
2021-01-19 10:16:24.390 [main] WARN  org.mybatis.spring.mapper.ClassPathMapperScanner - Skipping MapperFactoryBean with name 'novelDao' and 'com.lpf.ecs_springboot.dao.NovelDao' mapperInterface. Bean already defined with the same name!
2021-01-19 10:16:24.390 [main] WARN  org.mybatis.spring.mapper.ClassPathMapperScanner - Skipping MapperFactoryBean with name 'touziDao' and 'com.lpf.ecs_springboot.dao.TouziDao' mapperInterface. Bean already defined with the same name!
2021-01-19 10:16:24.390 [main] WARN  org.mybatis.spring.mapper.ClassPathMapperScanner - Skipping MapperFactoryBean with name 'userDao' and 'com.lpf.ecs_springboot.dao.UserDao' mapperInterface. Bean already defined with the same name!
2021-01-19 10:16:24.390 [main] WARN  org.mybatis.spring.mapper.ClassPathMapperScanner - Skipping MapperFactoryBean with name 'userInfoDao' and 'com.lpf.ecs_springboot.dao.UserInfoDao' mapperInterface. Bean already defined with the same name!
2021-01-19 10:16:24.390 [main] WARN  org.mybatis.spring.mapper.ClassPathMapperScanner - No MyBatis mapper was found in '[com.lpf.ecs_springboot]' package. Please check your configuration.
2021-01-19 10:18:02.370 [main] WARN  org.mybatis.spring.mapper.ClassPathMapperScanner - Skipping MapperFactoryBean with name 'cartoonDao' and 'com.lpf.ecs_springboot.dao.CartoonDao' mapperInterface. Bean already defined with the same name!
2021-01-19 10:18:02.370 [main] WARN  org.mybatis.spring.mapper.ClassPathMapperScanner - Skipping MapperFactoryBean with name 'mysqlOperaterDao' and 'com.lpf.ecs_springboot.dao.MysqlOperaterDao' mapperInterface. Bean already defined with the same name!
2021-01-19 10:18:02.371 [main] WARN  org.mybatis.spring.mapper.ClassPathMapperScanner - Skipping MapperFactoryBean with name 'noteDao' and 'com.lpf.ecs_springboot.dao.NoteDao' mapperInterface. Bean already defined with the same name!
2021-01-19 10:18:02.371 [main] WARN  org.mybatis.spring.mapper.ClassPathMapperScanner - Skipping MapperFactoryBean with name 'novelDao' and 'com.lpf.ecs_springboot.dao.NovelDao' mapperInterface. Bean already defined with the same name!
2021-01-19 10:18:02.371 [main] WARN  org.mybatis.spring.mapper.ClassPathMapperScanner - Skipping MapperFactoryBean with name 'touziDao' and 'com.lpf.ecs_springboot.dao.TouziDao' mapperInterface. Bean already defined with the same name!
2021-01-19 10:18:02.371 [main] WARN  org.mybatis.spring.mapper.ClassPathMapperScanner - Skipping MapperFactoryBean with name 'userDao' and 'com.lpf.ecs_springboot.dao.UserDao' mapperInterface. Bean already defined with the same name!
2021-01-19 10:18:02.371 [main] WARN  org.mybatis.spring.mapper.ClassPathMapperScanner - Skipping MapperFactoryBean with name 'userInfoDao' and 'com.lpf.ecs_springboot.dao.UserInfoDao' mapperInterface. Bean already defined with the same name!
2021-01-19 10:18:02.372 [main] WARN  org.mybatis.spring.mapper.ClassPathMapperScanner - No MyBatis mapper was found in '[com.lpf.ecs_springboot]' package. Please check your configuration.
2021-01-19 10:33:45.115 [main] WARN  org.mybatis.spring.mapper.ClassPathMapperScanner - Skipping MapperFactoryBean with name 'cartoonDao' and 'com.lpf.ecs_springboot.dao.CartoonDao' mapperInterface. Bean already defined with the same name!
2021-01-19 10:33:45.115 [main] WARN  org.mybatis.spring.mapper.ClassPathMapperScanner - Skipping MapperFactoryBean with name 'mysqlOperaterDao' and 'com.lpf.ecs_springboot.dao.MysqlOperaterDao' mapperInterface. Bean already defined with the same name!
2021-01-19 10:33:45.115 [main] WARN  org.mybatis.spring.mapper.ClassPathMapperScanner - Skipping MapperFactoryBean with name 'noteDao' and 'com.lpf.ecs_springboot.dao.NoteDao' mapperInterface. Bean already defined with the same name!
2021-01-19 10:33:45.116 [main] WARN  org.mybatis.spring.mapper.ClassPathMapperScanner - Skipping MapperFactoryBean with name 'novelDao' and 'com.lpf.ecs_springboot.dao.NovelDao' mapperInterface. Bean already defined with the same name!
2021-01-19 10:33:45.116 [main] WARN  org.mybatis.spring.mapper.ClassPathMapperScanner - Skipping MapperFactoryBean with name 'touziDao' and 'com.lpf.ecs_springboot.dao.TouziDao' mapperInterface. Bean already defined with the same name!
2021-01-19 10:33:45.116 [main] WARN  org.mybatis.spring.mapper.ClassPathMapperScanner - Skipping MapperFactoryBean with name 'userDao' and 'com.lpf.ecs_springboot.dao.UserDao' mapperInterface. Bean already defined with the same name!
2021-01-19 10:33:45.116 [main] WARN  org.mybatis.spring.mapper.ClassPathMapperScanner - Skipping MapperFactoryBean with name 'userInfoDao' and 'com.lpf.ecs_springboot.dao.UserInfoDao' mapperInterface. Bean already defined with the same name!
2021-01-19 10:33:45.117 [main] WARN  org.mybatis.spring.mapper.ClassPathMapperScanner - No MyBatis mapper was found in '[com.lpf.ecs_springboot]' package. Please check your configuration.
2021-01-19 10:34:45.664 [main] WARN  org.mybatis.spring.mapper.ClassPathMapperScanner - Skipping MapperFactoryBean with name 'cartoonDao' and 'com.lpf.ecs_springboot.dao.CartoonDao' mapperInterface. Bean already defined with the same name!
2021-01-19 10:34:45.665 [main] WARN  org.mybatis.spring.mapper.ClassPathMapperScanner - Skipping MapperFactoryBean with name 'mysqlOperaterDao' and 'com.lpf.ecs_springboot.dao.MysqlOperaterDao' mapperInterface. Bean already defined with the same name!
2021-01-19 10:34:45.666 [main] WARN  org.mybatis.spring.mapper.ClassPathMapperScanner - Skipping MapperFactoryBean with name 'noteDao' and 'com.lpf.ecs_springboot.dao.NoteDao' mapperInterface. Bean already defined with the same name!
2021-01-19 10:34:45.666 [main] WARN  org.mybatis.spring.mapper.ClassPathMapperScanner - Skipping MapperFactoryBean with name 'novelDao' and 'com.lpf.ecs_springboot.dao.NovelDao' mapperInterface. Bean already defined with the same name!
2021-01-19 10:34:45.666 [main] WARN  org.mybatis.spring.mapper.ClassPathMapperScanner - Skipping MapperFactoryBean with name 'touziDao' and 'com.lpf.ecs_springboot.dao.TouziDao' mapperInterface. Bean already defined with the same name!
2021-01-19 10:34:45.667 [main] WARN  org.mybatis.spring.mapper.ClassPathMapperScanner - Skipping MapperFactoryBean with name 'userDao' and 'com.lpf.ecs_springboot.dao.UserDao' mapperInterface. Bean already defined with the same name!
2021-01-19 10:34:45.667 [main] WARN  org.mybatis.spring.mapper.ClassPathMapperScanner - Skipping MapperFactoryBean with name 'userInfoDao' and 'com.lpf.ecs_springboot.dao.UserInfoDao' mapperInterface. Bean already defined with the same name!
2021-01-19 10:34:45.667 [main] WARN  org.mybatis.spring.mapper.ClassPathMapperScanner - No MyBatis mapper was found in '[com.lpf.ecs_springboot]' package. Please check your configuration.
2021-01-19 10:50:08.232 [main] WARN  org.mybatis.spring.mapper.ClassPathMapperScanner - Skipping MapperFactoryBean with name 'cartoonDao' and 'com.lpf.ecs_springboot.dao.CartoonDao' mapperInterface. Bean already defined with the same name!
2021-01-19 10:50:08.253 [main] WARN  org.mybatis.spring.mapper.ClassPathMapperScanner - Skipping MapperFactoryBean with name 'mysqlOperaterDao' and 'com.lpf.ecs_springboot.dao.MysqlOperaterDao' mapperInterface. Bean already defined with the same name!
2021-01-19 10:50:08.254 [main] WARN  org.mybatis.spring.mapper.ClassPathMapperScanner - Skipping MapperFactoryBean with name 'noteDao' and 'com.lpf.ecs_springboot.dao.NoteDao' mapperInterface. Bean already defined with the same name!
2021-01-19 10:50:08.254 [main] WARN  org.mybatis.spring.mapper.ClassPathMapperScanner - Skipping MapperFactoryBean with name 'novelDao' and 'com.lpf.ecs_springboot.dao.NovelDao' mapperInterface. Bean already defined with the same name!
2021-01-19 10:50:08.254 [main] WARN  org.mybatis.spring.mapper.ClassPathMapperScanner - Skipping MapperFactoryBean with name 'touziDao' and 'com.lpf.ecs_springboot.dao.TouziDao' mapperInterface. Bean already defined with the same name!
2021-01-19 10:50:08.255 [main] WARN  org.mybatis.spring.mapper.ClassPathMapperScanner - Skipping MapperFactoryBean with name 'userDao' and 'com.lpf.ecs_springboot.dao.UserDao' mapperInterface. Bean already defined with the same name!
2021-01-19 10:50:08.255 [main] WARN  org.mybatis.spring.mapper.ClassPathMapperScanner - Skipping MapperFactoryBean with name 'userInfoDao' and 'com.lpf.ecs_springboot.dao.UserInfoDao' mapperInterface. Bean already defined with the same name!
2021-01-19 10:50:08.255 [main] WARN  org.mybatis.spring.mapper.ClassPathMapperScanner - No MyBatis mapper was found in '[com.lpf.ecs_springboot]' package. Please check your configuration.
2021-01-19 10:51:22.943 [main] WARN  org.mybatis.spring.mapper.ClassPathMapperScanner - Skipping MapperFactoryBean with name 'cartoonDao' and 'com.lpf.ecs_springboot.dao.CartoonDao' mapperInterface. Bean already defined with the same name!
2021-01-19 10:51:22.944 [main] WARN  org.mybatis.spring.mapper.ClassPathMapperScanner - Skipping MapperFactoryBean with name 'mysqlOperaterDao' and 'com.lpf.ecs_springboot.dao.MysqlOperaterDao' mapperInterface. Bean already defined with the same name!
2021-01-19 10:51:22.944 [main] WARN  org.mybatis.spring.mapper.ClassPathMapperScanner - Skipping MapperFactoryBean with name 'noteDao' and 'com.lpf.ecs_springboot.dao.NoteDao' mapperInterface. Bean already defined with the same name!
2021-01-19 10:51:22.944 [main] WARN  org.mybatis.spring.mapper.ClassPathMapperScanner - Skipping MapperFactoryBean with name 'novelDao' and 'com.lpf.ecs_springboot.dao.NovelDao' mapperInterface. Bean already defined with the same name!
2021-01-19 10:51:22.945 [main] WARN  org.mybatis.spring.mapper.ClassPathMapperScanner - Skipping MapperFactoryBean with name 'touziDao' and 'com.lpf.ecs_springboot.dao.TouziDao' mapperInterface. Bean already defined with the same name!
2021-01-19 10:51:22.945 [main] WARN  org.mybatis.spring.mapper.ClassPathMapperScanner - Skipping MapperFactoryBean with name 'userDao' and 'com.lpf.ecs_springboot.dao.UserDao' mapperInterface. Bean already defined with the same name!
2021-01-19 10:51:22.945 [main] WARN  org.mybatis.spring.mapper.ClassPathMapperScanner - Skipping MapperFactoryBean with name 'userInfoDao' and 'com.lpf.ecs_springboot.dao.UserInfoDao' mapperInterface. Bean already defined with the same name!
2021-01-19 10:51:22.946 [main] WARN  org.mybatis.spring.mapper.ClassPathMapperScanner - No MyBatis mapper was found in '[com.lpf.ecs_springboot]' package. Please check your configuration.
2021-01-19 10:53:31.920 [main] WARN  org.mybatis.spring.mapper.ClassPathMapperScanner - Skipping MapperFactoryBean with name 'cartoonDao' and 'com.lpf.ecs_springboot.dao.CartoonDao' mapperInterface. Bean already defined with the same name!
2021-01-19 10:53:31.921 [main] WARN  org.mybatis.spring.mapper.ClassPathMapperScanner - Skipping MapperFactoryBean with name 'mysqlOperaterDao' and 'com.lpf.ecs_springboot.dao.MysqlOperaterDao' mapperInterface. Bean already defined with the same name!
2021-01-19 10:53:31.921 [main] WARN  org.mybatis.spring.mapper.ClassPathMapperScanner - Skipping MapperFactoryBean with name 'noteDao' and 'com.lpf.ecs_springboot.dao.NoteDao' mapperInterface. Bean already defined with the same name!
2021-01-19 10:53:31.921 [main] WARN  org.mybatis.spring.mapper.ClassPathMapperScanner - Skipping MapperFactoryBean with name 'novelDao' and 'com.lpf.ecs_springboot.dao.NovelDao' mapperInterface. Bean already defined with the same name!
2021-01-19 10:53:31.922 [main] WARN  org.mybatis.spring.mapper.ClassPathMapperScanner - Skipping MapperFactoryBean with name 'touziDao' and 'com.lpf.ecs_springboot.dao.TouziDao' mapperInterface. Bean already defined with the same name!
2021-01-19 10:53:31.922 [main] WARN  org.mybatis.spring.mapper.ClassPathMapperScanner - Skipping MapperFactoryBean with name 'userDao' and 'com.lpf.ecs_springboot.dao.UserDao' mapperInterface. Bean already defined with the same name!
2021-01-19 10:53:31.922 [main] WARN  org.mybatis.spring.mapper.ClassPathMapperScanner - Skipping MapperFactoryBean with name 'userInfoDao' and 'com.lpf.ecs_springboot.dao.UserInfoDao' mapperInterface. Bean already defined with the same name!
2021-01-19 10:53:31.923 [main] WARN  org.mybatis.spring.mapper.ClassPathMapperScanner - No MyBatis mapper was found in '[com.lpf.ecs_springboot]' package. Please check your configuration.
2021-01-19 10:56:24.565 [main] WARN  org.mybatis.spring.mapper.ClassPathMapperScanner - Skipping MapperFactoryBean with name 'cartoonDao' and 'com.lpf.ecs_springboot.dao.CartoonDao' mapperInterface. Bean already defined with the same name!
2021-01-19 10:56:24.566 [main] WARN  org.mybatis.spring.mapper.ClassPathMapperScanner - Skipping MapperFactoryBean with name 'mysqlOperaterDao' and 'com.lpf.ecs_springboot.dao.MysqlOperaterDao' mapperInterface. Bean already defined with the same name!
2021-01-19 10:56:24.566 [main] WARN  org.mybatis.spring.mapper.ClassPathMapperScanner - Skipping MapperFactoryBean with name 'noteDao' and 'com.lpf.ecs_springboot.dao.NoteDao' mapperInterface. Bean already defined with the same name!
2021-01-19 10:56:24.566 [main] WARN  org.mybatis.spring.mapper.ClassPathMapperScanner - Skipping MapperFactoryBean with name 'novelDao' and 'com.lpf.ecs_springboot.dao.NovelDao' mapperInterface. Bean already defined with the same name!
2021-01-19 10:56:24.566 [main] WARN  org.mybatis.spring.mapper.ClassPathMapperScanner - Skipping MapperFactoryBean with name 'touziDao' and 'com.lpf.ecs_springboot.dao.TouziDao' mapperInterface. Bean already defined with the same name!
2021-01-19 10:56:24.568 [main] WARN  org.mybatis.spring.mapper.ClassPathMapperScanner - Skipping MapperFactoryBean with name 'userDao' and 'com.lpf.ecs_springboot.dao.UserDao' mapperInterface. Bean already defined with the same name!
2021-01-19 10:56:24.568 [main] WARN  org.mybatis.spring.mapper.ClassPathMapperScanner - Skipping MapperFactoryBean with name 'userInfoDao' and 'com.lpf.ecs_springboot.dao.UserInfoDao' mapperInterface. Bean already defined with the same name!
2021-01-19 10:56:24.569 [main] WARN  org.mybatis.spring.mapper.ClassPathMapperScanner - No MyBatis mapper was found in '[com.lpf.ecs_springboot]' package. Please check your configuration.
2021-01-19 10:57:43.665 [main] WARN  org.mybatis.spring.mapper.ClassPathMapperScanner - Skipping MapperFactoryBean with name 'cartoonDao' and 'com.lpf.ecs_springboot.dao.CartoonDao' mapperInterface. Bean already defined with the same name!
2021-01-19 10:57:43.668 [main] WARN  org.mybatis.spring.mapper.ClassPathMapperScanner - Skipping MapperFactoryBean with name 'mysqlOperaterDao' and 'com.lpf.ecs_springboot.dao.MysqlOperaterDao' mapperInterface. Bean already defined with the same name!
2021-01-19 10:57:43.673 [main] WARN  org.mybatis.spring.mapper.ClassPathMapperScanner - Skipping MapperFactoryBean with name 'noteDao' and 'com.lpf.ecs_springboot.dao.NoteDao' mapperInterface. Bean already defined with the same name!
2021-01-19 10:57:43.673 [main] WARN  org.mybatis.spring.mapper.ClassPathMapperScanner - Skipping MapperFactoryBean with name 'novelDao' and 'com.lpf.ecs_springboot.dao.NovelDao' mapperInterface. Bean already defined with the same name!
2021-01-19 10:57:43.674 [main] WARN  org.mybatis.spring.mapper.ClassPathMapperScanner - Skipping MapperFactoryBean with name 'touziDao' and 'com.lpf.ecs_springboot.dao.TouziDao' mapperInterface. Bean already defined with the same name!
2021-01-19 10:57:43.676 [main] WARN  org.mybatis.spring.mapper.ClassPathMapperScanner - Skipping MapperFactoryBean with name 'userDao' and 'com.lpf.ecs_springboot.dao.UserDao' mapperInterface. Bean already defined with the same name!
2021-01-19 10:57:43.676 [main] WARN  org.mybatis.spring.mapper.ClassPathMapperScanner - Skipping MapperFactoryBean with name 'userInfoDao' and 'com.lpf.ecs_springboot.dao.UserInfoDao' mapperInterface. Bean already defined with the same name!
2021-01-19 10:57:43.677 [main] WARN  org.mybatis.spring.mapper.ClassPathMapperScanner - No MyBatis mapper was found in '[com.lpf.ecs_springboot]' package. Please check your configuration.
2021-01-19 10:59:36.020 [main] WARN  org.mybatis.spring.mapper.ClassPathMapperScanner - Skipping MapperFactoryBean with name 'cartoonDao' and 'com.lpf.ecs_springboot.dao.CartoonDao' mapperInterface. Bean already defined with the same name!
2021-01-19 10:59:36.022 [main] WARN  org.mybatis.spring.mapper.ClassPathMapperScanner - Skipping MapperFactoryBean with name 'mysqlOperaterDao' and 'com.lpf.ecs_springboot.dao.MysqlOperaterDao' mapperInterface. Bean already defined with the same name!
2021-01-19 10:59:36.022 [main] WARN  org.mybatis.spring.mapper.ClassPathMapperScanner - Skipping MapperFactoryBean with name 'noteDao' and 'com.lpf.ecs_springboot.dao.NoteDao' mapperInterface. Bean already defined with the same name!
2021-01-19 10:59:36.022 [main] WARN  org.mybatis.spring.mapper.ClassPathMapperScanner - Skipping MapperFactoryBean with name 'novelDao' and 'com.lpf.ecs_springboot.dao.NovelDao' mapperInterface. Bean already defined with the same name!
2021-01-19 10:59:36.023 [main] WARN  org.mybatis.spring.mapper.ClassPathMapperScanner - Skipping MapperFactoryBean with name 'touziDao' and 'com.lpf.ecs_springboot.dao.TouziDao' mapperInterface. Bean already defined with the same name!
2021-01-19 10:59:36.023 [main] WARN  org.mybatis.spring.mapper.ClassPathMapperScanner - Skipping MapperFactoryBean with name 'userDao' and 'com.lpf.ecs_springboot.dao.UserDao' mapperInterface. Bean already defined with the same name!
2021-01-19 10:59:36.024 [main] WARN  org.mybatis.spring.mapper.ClassPathMapperScanner - Skipping MapperFactoryBean with name 'userInfoDao' and 'com.lpf.ecs_springboot.dao.UserInfoDao' mapperInterface. Bean already defined with the same name!
2021-01-19 10:59:36.025 [main] WARN  org.mybatis.spring.mapper.ClassPathMapperScanner - No MyBatis mapper was found in '[com.lpf.ecs_springboot]' package. Please check your configuration.
2021-01-19 11:01:51.237 [main] WARN  org.mybatis.spring.mapper.ClassPathMapperScanner - Skipping MapperFactoryBean with name 'cartoonDao' and 'com.lpf.ecs_springboot.dao.CartoonDao' mapperInterface. Bean already defined with the same name!
2021-01-19 11:01:51.237 [main] WARN  org.mybatis.spring.mapper.ClassPathMapperScanner - Skipping MapperFactoryBean with name 'mysqlOperaterDao' and 'com.lpf.ecs_springboot.dao.MysqlOperaterDao' mapperInterface. Bean already defined with the same name!
2021-01-19 11:01:51.238 [main] WARN  org.mybatis.spring.mapper.ClassPathMapperScanner - Skipping MapperFactoryBean with name 'noteDao' and 'com.lpf.ecs_springboot.dao.NoteDao' mapperInterface. Bean already defined with the same name!
2021-01-19 11:01:51.238 [main] WARN  org.mybatis.spring.mapper.ClassPathMapperScanner - Skipping MapperFactoryBean with name 'novelDao' and 'com.lpf.ecs_springboot.dao.NovelDao' mapperInterface. Bean already defined with the same name!
2021-01-19 11:01:51.238 [main] WARN  org.mybatis.spring.mapper.ClassPathMapperScanner - Skipping MapperFactoryBean with name 'touziDao' and 'com.lpf.ecs_springboot.dao.TouziDao' mapperInterface. Bean already defined with the same name!
2021-01-19 11:01:51.238 [main] WARN  org.mybatis.spring.mapper.ClassPathMapperScanner - Skipping MapperFactoryBean with name 'userDao' and 'com.lpf.ecs_springboot.dao.UserDao' mapperInterface. Bean already defined with the same name!
2021-01-19 11:01:51.239 [main] WARN  org.mybatis.spring.mapper.ClassPathMapperScanner - Skipping MapperFactoryBean with name 'userInfoDao' and 'com.lpf.ecs_springboot.dao.UserInfoDao' mapperInterface. Bean already defined with the same name!
2021-01-19 11:01:51.239 [main] WARN  org.mybatis.spring.mapper.ClassPathMapperScanner - No MyBatis mapper was found in '[com.lpf.ecs_springboot]' package. Please check your configuration.
2021-01-19 11:03:22.607 [main] WARN  org.mybatis.spring.mapper.ClassPathMapperScanner - Skipping MapperFactoryBean with name 'cartoonDao' and 'com.lpf.ecs_springboot.dao.CartoonDao' mapperInterface. Bean already defined with the same name!
2021-01-19 11:03:22.608 [main] WARN  org.mybatis.spring.mapper.ClassPathMapperScanner - Skipping MapperFactoryBean with name 'mysqlOperaterDao' and 'com.lpf.ecs_springboot.dao.MysqlOperaterDao' mapperInterface. Bean already defined with the same name!
2021-01-19 11:03:22.608 [main] WARN  org.mybatis.spring.mapper.ClassPathMapperScanner - Skipping MapperFactoryBean with name 'noteDao' and 'com.lpf.ecs_springboot.dao.NoteDao' mapperInterface. Bean already defined with the same name!
2021-01-19 11:03:22.608 [main] WARN  org.mybatis.spring.mapper.ClassPathMapperScanner - Skipping MapperFactoryBean with name 'novelDao' and 'com.lpf.ecs_springboot.dao.NovelDao' mapperInterface. Bean already defined with the same name!
2021-01-19 11:03:22.608 [main] WARN  org.mybatis.spring.mapper.ClassPathMapperScanner - Skipping MapperFactoryBean with name 'touziDao' and 'com.lpf.ecs_springboot.dao.TouziDao' mapperInterface. Bean already defined with the same name!
2021-01-19 11:03:22.609 [main] WARN  org.mybatis.spring.mapper.ClassPathMapperScanner - Skipping MapperFactoryBean with name 'userDao' and 'com.lpf.ecs_springboot.dao.UserDao' mapperInterface. Bean already defined with the same name!
2021-01-19 11:03:22.609 [main] WARN  org.mybatis.spring.mapper.ClassPathMapperScanner - Skipping MapperFactoryBean with name 'userInfoDao' and 'com.lpf.ecs_springboot.dao.UserInfoDao' mapperInterface. Bean already defined with the same name!
2021-01-19 11:03:22.609 [main] WARN  org.mybatis.spring.mapper.ClassPathMapperScanner - No MyBatis mapper was found in '[com.lpf.ecs_springboot]' package. Please check your configuration.
2021-01-19 11:04:23.172 [main] WARN  org.mybatis.spring.mapper.ClassPathMapperScanner - Skipping MapperFactoryBean with name 'cartoonDao' and 'com.lpf.ecs_springboot.dao.CartoonDao' mapperInterface. Bean already defined with the same name!
2021-01-19 11:04:23.173 [main] WARN  org.mybatis.spring.mapper.ClassPathMapperScanner - Skipping MapperFactoryBean with name 'mysqlOperaterDao' and 'com.lpf.ecs_springboot.dao.MysqlOperaterDao' mapperInterface. Bean already defined with the same name!
2021-01-19 11:04:23.174 [main] WARN  org.mybatis.spring.mapper.ClassPathMapperScanner - Skipping MapperFactoryBean with name 'noteDao' and 'com.lpf.ecs_springboot.dao.NoteDao' mapperInterface. Bean already defined with the same name!
2021-01-19 11:04:23.174 [main] WARN  org.mybatis.spring.mapper.ClassPathMapperScanner - Skipping MapperFactoryBean with name 'novelDao' and 'com.lpf.ecs_springboot.dao.NovelDao' mapperInterface. Bean already defined with the same name!
2021-01-19 11:04:23.174 [main] WARN  org.mybatis.spring.mapper.ClassPathMapperScanner - Skipping MapperFactoryBean with name 'touziDao' and 'com.lpf.ecs_springboot.dao.TouziDao' mapperInterface. Bean already defined with the same name!
2021-01-19 11:04:23.174 [main] WARN  org.mybatis.spring.mapper.ClassPathMapperScanner - Skipping MapperFactoryBean with name 'userDao' and 'com.lpf.ecs_springboot.dao.UserDao' mapperInterface. Bean already defined with the same name!
2021-01-19 11:04:23.175 [main] WARN  org.mybatis.spring.mapper.ClassPathMapperScanner - Skipping MapperFactoryBean with name 'userInfoDao' and 'com.lpf.ecs_springboot.dao.UserInfoDao' mapperInterface. Bean already defined with the same name!
2021-01-19 11:04:23.175 [main] WARN  org.mybatis.spring.mapper.ClassPathMapperScanner - No MyBatis mapper was found in '[com.lpf.ecs_springboot]' package. Please check your configuration.
2021-01-19 11:05:20.044 [main] WARN  org.mybatis.spring.mapper.ClassPathMapperScanner - Skipping MapperFactoryBean with name 'cartoonDao' and 'com.lpf.ecs_springboot.dao.CartoonDao' mapperInterface. Bean already defined with the same name!
2021-01-19 11:05:20.045 [main] WARN  org.mybatis.spring.mapper.ClassPathMapperScanner - Skipping MapperFactoryBean with name 'mysqlOperaterDao' and 'com.lpf.ecs_springboot.dao.MysqlOperaterDao' mapperInterface. Bean already defined with the same name!
2021-01-19 11:05:20.045 [main] WARN  org.mybatis.spring.mapper.ClassPathMapperScanner - Skipping MapperFactoryBean with name 'noteDao' and 'com.lpf.ecs_springboot.dao.NoteDao' mapperInterface. Bean already defined with the same name!
2021-01-19 11:05:20.046 [main] WARN  org.mybatis.spring.mapper.ClassPathMapperScanner - Skipping MapperFactoryBean with name 'novelDao' and 'com.lpf.ecs_springboot.dao.NovelDao' mapperInterface. Bean already defined with the same name!
2021-01-19 11:05:20.046 [main] WARN  org.mybatis.spring.mapper.ClassPathMapperScanner - Skipping MapperFactoryBean with name 'touziDao' and 'com.lpf.ecs_springboot.dao.TouziDao' mapperInterface. Bean already defined with the same name!
2021-01-19 11:05:20.046 [main] WARN  org.mybatis.spring.mapper.ClassPathMapperScanner - Skipping MapperFactoryBean with name 'userDao' and 'com.lpf.ecs_springboot.dao.UserDao' mapperInterface. Bean already defined with the same name!
2021-01-19 11:05:20.046 [main] WARN  org.mybatis.spring.mapper.ClassPathMapperScanner - Skipping MapperFactoryBean with name 'userInfoDao' and 'com.lpf.ecs_springboot.dao.UserInfoDao' mapperInterface. Bean already defined with the same name!
2021-01-19 11:05:20.047 [main] WARN  org.mybatis.spring.mapper.ClassPathMapperScanner - No MyBatis mapper was found in '[com.lpf.ecs_springboot]' package. Please check your configuration.
2021-01-19 11:07:11.028 [restartedMain] WARN  org.mybatis.spring.mapper.ClassPathMapperScanner - Skipping MapperFactoryBean with name 'cartoonDao' and 'com.lpf.ecs_springboot.dao.CartoonDao' mapperInterface. Bean already defined with the same name!
2021-01-19 11:07:11.028 [restartedMain] WARN  org.mybatis.spring.mapper.ClassPathMapperScanner - Skipping MapperFactoryBean with name 'mysqlOperaterDao' and 'com.lpf.ecs_springboot.dao.MysqlOperaterDao' mapperInterface. Bean already defined with the same name!
2021-01-19 11:07:11.028 [restartedMain] WARN  org.mybatis.spring.mapper.ClassPathMapperScanner - Skipping MapperFactoryBean with name 'noteDao' and 'com.lpf.ecs_springboot.dao.NoteDao' mapperInterface. Bean already defined with the same name!
2021-01-19 11:07:11.029 [restartedMain] WARN  org.mybatis.spring.mapper.ClassPathMapperScanner - Skipping MapperFactoryBean with name 'novelDao' and 'com.lpf.ecs_springboot.dao.NovelDao' mapperInterface. Bean already defined with the same name!
2021-01-19 11:07:11.029 [restartedMain] WARN  org.mybatis.spring.mapper.ClassPathMapperScanner - Skipping MapperFactoryBean with name 'touziDao' and 'com.lpf.ecs_springboot.dao.TouziDao' mapperInterface. Bean already defined with the same name!
2021-01-19 11:07:11.029 [restartedMain] WARN  org.mybatis.spring.mapper.ClassPathMapperScanner - Skipping MapperFactoryBean with name 'userDao' and 'com.lpf.ecs_springboot.dao.UserDao' mapperInterface. Bean already defined with the same name!
2021-01-19 11:07:11.030 [restartedMain] WARN  org.mybatis.spring.mapper.ClassPathMapperScanner - Skipping MapperFactoryBean with name 'userInfoDao' and 'com.lpf.ecs_springboot.dao.UserInfoDao' mapperInterface. Bean already defined with the same name!
2021-01-19 11:07:11.031 [restartedMain] WARN  org.mybatis.spring.mapper.ClassPathMapperScanner - No MyBatis mapper was found in '[com.lpf.ecs_springboot]' package. Please check your configuration.
2021-01-19 11:09:01.902 [restartedMain] WARN  org.mybatis.spring.mapper.ClassPathMapperScanner - Skipping MapperFactoryBean with name 'cartoonDao' and 'com.lpf.ecs_springboot.dao.CartoonDao' mapperInterface. Bean already defined with the same name!
2021-01-19 11:09:01.902 [restartedMain] WARN  org.mybatis.spring.mapper.ClassPathMapperScanner - Skipping MapperFactoryBean with name 'mysqlOperaterDao' and 'com.lpf.ecs_springboot.dao.MysqlOperaterDao' mapperInterface. Bean already defined with the same name!
2021-01-19 11:09:01.902 [restartedMain] WARN  org.mybatis.spring.mapper.ClassPathMapperScanner - Skipping MapperFactoryBean with name 'noteDao' and 'com.lpf.ecs_springboot.dao.NoteDao' mapperInterface. Bean already defined with the same name!
2021-01-19 11:09:01.903 [restartedMain] WARN  org.mybatis.spring.mapper.ClassPathMapperScanner - Skipping MapperFactoryBean with name 'novelDao' and 'com.lpf.ecs_springboot.dao.NovelDao' mapperInterface. Bean already defined with the same name!
2021-01-19 11:09:01.903 [restartedMain] WARN  org.mybatis.spring.mapper.ClassPathMapperScanner - Skipping MapperFactoryBean with name 'touziDao' and 'com.lpf.ecs_springboot.dao.TouziDao' mapperInterface. Bean already defined with the same name!
2021-01-19 11:09:01.903 [restartedMain] WARN  org.mybatis.spring.mapper.ClassPathMapperScanner - Skipping MapperFactoryBean with name 'userDao' and 'com.lpf.ecs_springboot.dao.UserDao' mapperInterface. Bean already defined with the same name!
2021-01-19 11:09:01.903 [restartedMain] WARN  org.mybatis.spring.mapper.ClassPathMapperScanner - Skipping MapperFactoryBean with name 'userInfoDao' and 'com.lpf.ecs_springboot.dao.UserInfoDao' mapperInterface. Bean already defined with the same name!
2021-01-19 11:09:01.903 [restartedMain] WARN  org.mybatis.spring.mapper.ClassPathMapperScanner - No MyBatis mapper was found in '[com.lpf.ecs_springboot]' package. Please check your configuration.
2021-01-19 11:11:43.356 [restartedMain] WARN  org.mybatis.spring.mapper.ClassPathMapperScanner - Skipping MapperFactoryBean with name 'cartoonDao' and 'com.lpf.ecs_springboot.dao.CartoonDao' mapperInterface. Bean already defined with the same name!
2021-01-19 11:11:43.357 [restartedMain] WARN  org.mybatis.spring.mapper.ClassPathMapperScanner - Skipping MapperFactoryBean with name 'mysqlOperaterDao' and 'com.lpf.ecs_springboot.dao.MysqlOperaterDao' mapperInterface. Bean already defined with the same name!
2021-01-19 11:11:43.357 [restartedMain] WARN  org.mybatis.spring.mapper.ClassPathMapperScanner - Skipping MapperFactoryBean with name 'noteDao' and 'com.lpf.ecs_springboot.dao.NoteDao' mapperInterface. Bean already defined with the same name!
2021-01-19 11:11:43.357 [restartedMain] WARN  org.mybatis.spring.mapper.ClassPathMapperScanner - Skipping MapperFactoryBean with name 'novelDao' and 'com.lpf.ecs_springboot.dao.NovelDao' mapperInterface. Bean already defined with the same name!
2021-01-19 11:11:43.358 [restartedMain] WARN  org.mybatis.spring.mapper.ClassPathMapperScanner - Skipping MapperFactoryBean with name 'touziDao' and 'com.lpf.ecs_springboot.dao.TouziDao' mapperInterface. Bean already defined with the same name!
2021-01-19 11:11:43.358 [restartedMain] WARN  org.mybatis.spring.mapper.ClassPathMapperScanner - Skipping MapperFactoryBean with name 'userDao' and 'com.lpf.ecs_springboot.dao.UserDao' mapperInterface. Bean already defined with the same name!
2021-01-19 11:11:43.358 [restartedMain] WARN  org.mybatis.spring.mapper.ClassPathMapperScanner - Skipping MapperFactoryBean with name 'userInfoDao' and 'com.lpf.ecs_springboot.dao.UserInfoDao' mapperInterface. Bean already defined with the same name!
2021-01-19 11:11:43.359 [restartedMain] WARN  org.mybatis.spring.mapper.ClassPathMapperScanner - No MyBatis mapper was found in '[com.lpf.ecs_springboot]' package. Please check your configuration.
2021-01-19 11:20:19.205 [restartedMain] WARN  org.mybatis.spring.mapper.ClassPathMapperScanner - No MyBatis mapper was found in '[com.lpf.ecs_springboot]' package. Please check your configuration.
2021-01-19 11:20:19.250 [restartedMain] WARN  org.mybatis.spring.mapper.ClassPathMapperScanner - No MyBatis mapper was found in '[com.lpf.ecs_springboot]' package. Please check your configuration.
2021-01-19 11:20:19.630 [restartedMain] WARN  o.s.b.w.s.c.AnnotationConfigServletWebServerApplicationContext - Exception encountered during context initialization - cancelling refresh attempt: org.springframework.beans.factory.BeanCreationException: Error creating bean with name 'sqlSessionFactory' defined in class path resource [com/baomidou/mybatisplus/autoconfigure/MybatisPlusAutoConfiguration.class]: Bean instantiation via factory method failed; nested exception is org.springframework.beans.BeanInstantiationException: Failed to instantiate [org.apache.ibatis.session.SqlSessionFactory]: Factory method 'sqlSessionFactory' threw exception; nested exception is org.springframework.core.NestedIOException: Failed to parse mapping resource: 'file [E:\ecs_springboot\target\classes\mapper\NoteMapper.xml]'; nested exception is org.apache.ibatis.builder.BuilderException: Error parsing Mapper XML. The XML location is 'file [E:\ecs_springboot\target\classes\mapper\NoteMapper.xml]'. Cause: org.apache.ibatis.builder.BuilderException: Error resolving class. Cause: org.apache.ibatis.type.TypeException: Could not resolve type alias 'com.lpf.ecs_springboot.entity.Note'.  Cause: java.lang.ClassNotFoundException: Cannot find class: com.lpf.ecs_springboot.entity.Note
2021-01-19 11:20:28.316 [restartedMain] WARN  org.mybatis.spring.mapper.ClassPathMapperScanner - Skipping MapperFactoryBean with name 'cartoonDao' and 'com.lpf.ecs_springboot.dao.CartoonDao' mapperInterface. Bean already defined with the same name!
2021-01-19 11:20:28.316 [restartedMain] WARN  org.mybatis.spring.mapper.ClassPathMapperScanner - Skipping MapperFactoryBean with name 'mysqlOperaterDao' and 'com.lpf.ecs_springboot.dao.MysqlOperaterDao' mapperInterface. Bean already defined with the same name!
2021-01-19 11:20:28.317 [restartedMain] WARN  org.mybatis.spring.mapper.ClassPathMapperScanner - Skipping MapperFactoryBean with name 'noteDao' and 'com.lpf.ecs_springboot.dao.NoteDao' mapperInterface. Bean already defined with the same name!
2021-01-19 11:20:28.318 [restartedMain] WARN  org.mybatis.spring.mapper.ClassPathMapperScanner - Skipping MapperFactoryBean with name 'novelDao' and 'com.lpf.ecs_springboot.dao.NovelDao' mapperInterface. Bean already defined with the same name!
2021-01-19 11:20:28.318 [restartedMain] WARN  org.mybatis.spring.mapper.ClassPathMapperScanner - Skipping MapperFactoryBean with name 'touziDao' and 'com.lpf.ecs_springboot.dao.TouziDao' mapperInterface. Bean already defined with the same name!
2021-01-19 11:20:28.318 [restartedMain] WARN  org.mybatis.spring.mapper.ClassPathMapperScanner - Skipping MapperFactoryBean with name 'userDao' and 'com.lpf.ecs_springboot.dao.UserDao' mapperInterface. Bean already defined with the same name!
2021-01-19 11:20:28.319 [restartedMain] WARN  org.mybatis.spring.mapper.ClassPathMapperScanner - Skipping MapperFactoryBean with name 'userInfoDao' and 'com.lpf.ecs_springboot.dao.UserInfoDao' mapperInterface. Bean already defined with the same name!
2021-01-19 11:20:28.319 [restartedMain] WARN  org.mybatis.spring.mapper.ClassPathMapperScanner - No MyBatis mapper was found in '[com.lpf.ecs_springboot]' package. Please check your configuration.
2021-01-19 11:20:38.446 [main] WARN  org.mybatis.spring.mapper.ClassPathMapperScanner - Skipping MapperFactoryBean with name 'cartoonDao' and 'com.lpf.ecs_springboot.dao.CartoonDao' mapperInterface. Bean already defined with the same name!
2021-01-19 11:20:38.447 [main] WARN  org.mybatis.spring.mapper.ClassPathMapperScanner - Skipping MapperFactoryBean with name 'mysqlOperaterDao' and 'com.lpf.ecs_springboot.dao.MysqlOperaterDao' mapperInterface. Bean already defined with the same name!
2021-01-19 11:20:38.447 [main] WARN  org.mybatis.spring.mapper.ClassPathMapperScanner - Skipping MapperFactoryBean with name 'noteDao' and 'com.lpf.ecs_springboot.dao.NoteDao' mapperInterface. Bean already defined with the same name!
2021-01-19 11:20:38.447 [main] WARN  org.mybatis.spring.mapper.ClassPathMapperScanner - Skipping MapperFactoryBean with name 'novelDao' and 'com.lpf.ecs_springboot.dao.NovelDao' mapperInterface. Bean already defined with the same name!
2021-01-19 11:20:38.447 [main] WARN  org.mybatis.spring.mapper.ClassPathMapperScanner - Skipping MapperFactoryBean with name 'touziDao' and 'com.lpf.ecs_springboot.dao.TouziDao' mapperInterface. Bean already defined with the same name!
2021-01-19 11:20:38.448 [main] WARN  org.mybatis.spring.mapper.ClassPathMapperScanner - Skipping MapperFactoryBean with name 'userDao' and 'com.lpf.ecs_springboot.dao.UserDao' mapperInterface. Bean already defined with the same name!
2021-01-19 11:20:38.449 [main] WARN  org.mybatis.spring.mapper.ClassPathMapperScanner - Skipping MapperFactoryBean with name 'userInfoDao' and 'com.lpf.ecs_springboot.dao.UserInfoDao' mapperInterface. Bean already defined with the same name!
2021-01-19 11:20:38.449 [main] WARN  org.mybatis.spring.mapper.ClassPathMapperScanner - No MyBatis mapper was found in '[com.lpf.ecs_springboot]' package. Please check your configuration.
