2020-11-17 09:41:59.910 [main] WARN  org.mybatis.spring.mapper.ClassPathMapperScanner - Skipping MapperFactoryBean with name 'cartoonDao' and 'com.lpf.ecs_springboot.dao.CartoonDao' mapperInterface. Bean already defined with the same name!
2020-11-17 09:41:59.938 [main] WARN  org.mybatis.spring.mapper.ClassPathMapperScanner - Skipping MapperFactoryBean with name 'mysqlOperaterDao' and 'com.lpf.ecs_springboot.dao.MysqlOperaterDao' mapperInterface. Bean already defined with the same name!
2020-11-17 09:41:59.939 [main] WARN  org.mybatis.spring.mapper.ClassPathMapperScanner - Skipping MapperFactoryBean with name 'noteDao' and 'com.lpf.ecs_springboot.dao.NoteDao' mapperInterface. Bean already defined with the same name!
2020-11-17 09:41:59.939 [main] WARN  org.mybatis.spring.mapper.ClassPathMapperScanner - Skipping MapperFactoryBean with name 'novelDao' and 'com.lpf.ecs_springboot.dao.NovelDao' mapperInterface. Bean already defined with the same name!
2020-11-17 09:41:59.940 [main] WARN  org.mybatis.spring.mapper.ClassPathMapperScanner - Skipping MapperFactoryBean with name 'touziDao' and 'com.lpf.ecs_springboot.dao.TouziDao' mapperInterface. Bean already defined with the same name!
2020-11-17 09:41:59.940 [main] WARN  org.mybatis.spring.mapper.ClassPathMapperScanner - Skipping MapperFactoryBean with name 'userDao' and 'com.lpf.ecs_springboot.dao.UserDao' mapperInterface. Bean already defined with the same name!
2020-11-17 09:41:59.940 [main] WARN  org.mybatis.spring.mapper.ClassPathMapperScanner - Skipping MapperFactoryBean with name 'userInfoDao' and 'com.lpf.ecs_springboot.dao.UserInfoDao' mapperInterface. Bean already defined with the same name!
2020-11-17 09:41:59.942 [main] WARN  org.mybatis.spring.mapper.ClassPathMapperScanner - No MyBatis mapper was found in '[com.lpf.ecs_springboot]' package. Please check your configuration.
2020-11-17 09:53:34.493 [main] WARN  org.mybatis.spring.mapper.ClassPathMapperScanner - Skipping MapperFactoryBean with name 'cartoonDao' and 'com.lpf.ecs_springboot.dao.CartoonDao' mapperInterface. Bean already defined with the same name!
2020-11-17 09:53:34.494 [main] WARN  org.mybatis.spring.mapper.ClassPathMapperScanner - Skipping MapperFactoryBean with name 'mysqlOperaterDao' and 'com.lpf.ecs_springboot.dao.MysqlOperaterDao' mapperInterface. Bean already defined with the same name!
2020-11-17 09:53:34.494 [main] WARN  org.mybatis.spring.mapper.ClassPathMapperScanner - Skipping MapperFactoryBean with name 'noteDao' and 'com.lpf.ecs_springboot.dao.NoteDao' mapperInterface. Bean already defined with the same name!
2020-11-17 09:53:34.494 [main] WARN  org.mybatis.spring.mapper.ClassPathMapperScanner - Skipping MapperFactoryBean with name 'novelDao' and 'com.lpf.ecs_springboot.dao.NovelDao' mapperInterface. Bean already defined with the same name!
2020-11-17 09:53:34.494 [main] WARN  org.mybatis.spring.mapper.ClassPathMapperScanner - Skipping MapperFactoryBean with name 'touziDao' and 'com.lpf.ecs_springboot.dao.TouziDao' mapperInterface. Bean already defined with the same name!
2020-11-17 09:53:34.495 [main] WARN  org.mybatis.spring.mapper.ClassPathMapperScanner - Skipping MapperFactoryBean with name 'userDao' and 'com.lpf.ecs_springboot.dao.UserDao' mapperInterface. Bean already defined with the same name!
2020-11-17 09:53:34.495 [main] WARN  org.mybatis.spring.mapper.ClassPathMapperScanner - Skipping MapperFactoryBean with name 'userInfoDao' and 'com.lpf.ecs_springboot.dao.UserInfoDao' mapperInterface. Bean already defined with the same name!
2020-11-17 09:53:34.496 [main] WARN  org.mybatis.spring.mapper.ClassPathMapperScanner - No MyBatis mapper was found in '[com.lpf.ecs_springboot]' package. Please check your configuration.
2020-11-17 09:55:07.161 [restartedMain] WARN  org.mybatis.spring.mapper.ClassPathMapperScanner - Skipping MapperFactoryBean with name 'cartoonDao' and 'com.lpf.ecs_springboot.dao.CartoonDao' mapperInterface. Bean already defined with the same name!
2020-11-17 09:55:07.161 [restartedMain] WARN  org.mybatis.spring.mapper.ClassPathMapperScanner - Skipping MapperFactoryBean with name 'mysqlOperaterDao' and 'com.lpf.ecs_springboot.dao.MysqlOperaterDao' mapperInterface. Bean already defined with the same name!
2020-11-17 09:55:07.162 [restartedMain] WARN  org.mybatis.spring.mapper.ClassPathMapperScanner - Skipping MapperFactoryBean with name 'noteDao' and 'com.lpf.ecs_springboot.dao.NoteDao' mapperInterface. Bean already defined with the same name!
2020-11-17 09:55:07.162 [restartedMain] WARN  org.mybatis.spring.mapper.ClassPathMapperScanner - Skipping MapperFactoryBean with name 'novelDao' and 'com.lpf.ecs_springboot.dao.NovelDao' mapperInterface. Bean already defined with the same name!
2020-11-17 09:55:07.162 [restartedMain] WARN  org.mybatis.spring.mapper.ClassPathMapperScanner - Skipping MapperFactoryBean with name 'touziDao' and 'com.lpf.ecs_springboot.dao.TouziDao' mapperInterface. Bean already defined with the same name!
2020-11-17 09:55:07.162 [restartedMain] WARN  org.mybatis.spring.mapper.ClassPathMapperScanner - Skipping MapperFactoryBean with name 'userDao' and 'com.lpf.ecs_springboot.dao.UserDao' mapperInterface. Bean already defined with the same name!
2020-11-17 09:55:07.162 [restartedMain] WARN  org.mybatis.spring.mapper.ClassPathMapperScanner - Skipping MapperFactoryBean with name 'userInfoDao' and 'com.lpf.ecs_springboot.dao.UserInfoDao' mapperInterface. Bean already defined with the same name!
2020-11-17 09:55:07.163 [restartedMain] WARN  org.mybatis.spring.mapper.ClassPathMapperScanner - No MyBatis mapper was found in '[com.lpf.ecs_springboot]' package. Please check your configuration.
2020-11-17 09:57:35.532 [restartedMain] WARN  org.mybatis.spring.mapper.ClassPathMapperScanner - Skipping MapperFactoryBean with name 'cartoonDao' and 'com.lpf.ecs_springboot.dao.CartoonDao' mapperInterface. Bean already defined with the same name!
2020-11-17 09:57:35.532 [restartedMain] WARN  org.mybatis.spring.mapper.ClassPathMapperScanner - Skipping MapperFactoryBean with name 'mysqlOperaterDao' and 'com.lpf.ecs_springboot.dao.MysqlOperaterDao' mapperInterface. Bean already defined with the same name!
2020-11-17 09:57:35.532 [restartedMain] WARN  org.mybatis.spring.mapper.ClassPathMapperScanner - Skipping MapperFactoryBean with name 'noteDao' and 'com.lpf.ecs_springboot.dao.NoteDao' mapperInterface. Bean already defined with the same name!
2020-11-17 09:57:35.532 [restartedMain] WARN  org.mybatis.spring.mapper.ClassPathMapperScanner - Skipping MapperFactoryBean with name 'novelDao' and 'com.lpf.ecs_springboot.dao.NovelDao' mapperInterface. Bean already defined with the same name!
2020-11-17 09:57:35.533 [restartedMain] WARN  org.mybatis.spring.mapper.ClassPathMapperScanner - Skipping MapperFactoryBean with name 'touziDao' and 'com.lpf.ecs_springboot.dao.TouziDao' mapperInterface. Bean already defined with the same name!
2020-11-17 09:57:35.533 [restartedMain] WARN  org.mybatis.spring.mapper.ClassPathMapperScanner - Skipping MapperFactoryBean with name 'userDao' and 'com.lpf.ecs_springboot.dao.UserDao' mapperInterface. Bean already defined with the same name!
2020-11-17 09:57:35.533 [restartedMain] WARN  org.mybatis.spring.mapper.ClassPathMapperScanner - Skipping MapperFactoryBean with name 'userInfoDao' and 'com.lpf.ecs_springboot.dao.UserInfoDao' mapperInterface. Bean already defined with the same name!
2020-11-17 09:57:35.533 [restartedMain] WARN  org.mybatis.spring.mapper.ClassPathMapperScanner - No MyBatis mapper was found in '[com.lpf.ecs_springboot]' package. Please check your configuration.
2020-11-17 09:58:26.479 [restartedMain] WARN  org.mybatis.spring.mapper.ClassPathMapperScanner - Skipping MapperFactoryBean with name 'cartoonDao' and 'com.lpf.ecs_springboot.dao.CartoonDao' mapperInterface. Bean already defined with the same name!
2020-11-17 09:58:26.480 [restartedMain] WARN  org.mybatis.spring.mapper.ClassPathMapperScanner - Skipping MapperFactoryBean with name 'mysqlOperaterDao' and 'com.lpf.ecs_springboot.dao.MysqlOperaterDao' mapperInterface. Bean already defined with the same name!
2020-11-17 09:58:26.480 [restartedMain] WARN  org.mybatis.spring.mapper.ClassPathMapperScanner - Skipping MapperFactoryBean with name 'noteDao' and 'com.lpf.ecs_springboot.dao.NoteDao' mapperInterface. Bean already defined with the same name!
2020-11-17 09:58:26.480 [restartedMain] WARN  org.mybatis.spring.mapper.ClassPathMapperScanner - Skipping MapperFactoryBean with name 'novelDao' and 'com.lpf.ecs_springboot.dao.NovelDao' mapperInterface. Bean already defined with the same name!
2020-11-17 09:58:26.480 [restartedMain] WARN  org.mybatis.spring.mapper.ClassPathMapperScanner - Skipping MapperFactoryBean with name 'touziDao' and 'com.lpf.ecs_springboot.dao.TouziDao' mapperInterface. Bean already defined with the same name!
2020-11-17 09:58:26.481 [restartedMain] WARN  org.mybatis.spring.mapper.ClassPathMapperScanner - Skipping MapperFactoryBean with name 'userDao' and 'com.lpf.ecs_springboot.dao.UserDao' mapperInterface. Bean already defined with the same name!
2020-11-17 09:58:26.481 [restartedMain] WARN  org.mybatis.spring.mapper.ClassPathMapperScanner - Skipping MapperFactoryBean with name 'userInfoDao' and 'com.lpf.ecs_springboot.dao.UserInfoDao' mapperInterface. Bean already defined with the same name!
2020-11-17 09:58:26.481 [restartedMain] WARN  org.mybatis.spring.mapper.ClassPathMapperScanner - No MyBatis mapper was found in '[com.lpf.ecs_springboot]' package. Please check your configuration.
2020-11-17 10:02:37.390 [main] WARN  org.mybatis.spring.mapper.ClassPathMapperScanner - Skipping MapperFactoryBean with name 'cartoonDao' and 'com.lpf.ecs_springboot.dao.CartoonDao' mapperInterface. Bean already defined with the same name!
2020-11-17 10:02:37.390 [main] WARN  org.mybatis.spring.mapper.ClassPathMapperScanner - Skipping MapperFactoryBean with name 'mysqlOperaterDao' and 'com.lpf.ecs_springboot.dao.MysqlOperaterDao' mapperInterface. Bean already defined with the same name!
2020-11-17 10:02:37.391 [main] WARN  org.mybatis.spring.mapper.ClassPathMapperScanner - Skipping MapperFactoryBean with name 'noteDao' and 'com.lpf.ecs_springboot.dao.NoteDao' mapperInterface. Bean already defined with the same name!
2020-11-17 10:02:37.392 [main] WARN  org.mybatis.spring.mapper.ClassPathMapperScanner - Skipping MapperFactoryBean with name 'novelDao' and 'com.lpf.ecs_springboot.dao.NovelDao' mapperInterface. Bean already defined with the same name!
2020-11-17 10:02:37.394 [main] WARN  org.mybatis.spring.mapper.ClassPathMapperScanner - Skipping MapperFactoryBean with name 'touziDao' and 'com.lpf.ecs_springboot.dao.TouziDao' mapperInterface. Bean already defined with the same name!
2020-11-17 10:02:37.401 [main] WARN  org.mybatis.spring.mapper.ClassPathMapperScanner - Skipping MapperFactoryBean with name 'userDao' and 'com.lpf.ecs_springboot.dao.UserDao' mapperInterface. Bean already defined with the same name!
2020-11-17 10:02:37.403 [main] WARN  org.mybatis.spring.mapper.ClassPathMapperScanner - Skipping MapperFactoryBean with name 'userInfoDao' and 'com.lpf.ecs_springboot.dao.UserInfoDao' mapperInterface. Bean already defined with the same name!
2020-11-17 10:02:37.404 [main] WARN  org.mybatis.spring.mapper.ClassPathMapperScanner - No MyBatis mapper was found in '[com.lpf.ecs_springboot]' package. Please check your configuration.
2020-11-17 11:35:20.743 [main] WARN  org.mybatis.spring.mapper.ClassPathMapperScanner - Skipping MapperFactoryBean with name 'cartoonDao' and 'com.lpf.ecs_springboot.dao.CartoonDao' mapperInterface. Bean already defined with the same name!
2020-11-17 11:35:20.744 [main] WARN  org.mybatis.spring.mapper.ClassPathMapperScanner - Skipping MapperFactoryBean with name 'mysqlOperaterDao' and 'com.lpf.ecs_springboot.dao.MysqlOperaterDao' mapperInterface. Bean already defined with the same name!
2020-11-17 11:35:20.744 [main] WARN  org.mybatis.spring.mapper.ClassPathMapperScanner - Skipping MapperFactoryBean with name 'noteDao' and 'com.lpf.ecs_springboot.dao.NoteDao' mapperInterface. Bean already defined with the same name!
2020-11-17 11:35:20.745 [main] WARN  org.mybatis.spring.mapper.ClassPathMapperScanner - Skipping MapperFactoryBean with name 'novelDao' and 'com.lpf.ecs_springboot.dao.NovelDao' mapperInterface. Bean already defined with the same name!
2020-11-17 11:35:20.745 [main] WARN  org.mybatis.spring.mapper.ClassPathMapperScanner - Skipping MapperFactoryBean with name 'touziDao' and 'com.lpf.ecs_springboot.dao.TouziDao' mapperInterface. Bean already defined with the same name!
2020-11-17 11:35:20.746 [main] WARN  org.mybatis.spring.mapper.ClassPathMapperScanner - Skipping MapperFactoryBean with name 'userDao' and 'com.lpf.ecs_springboot.dao.UserDao' mapperInterface. Bean already defined with the same name!
2020-11-17 11:35:20.746 [main] WARN  org.mybatis.spring.mapper.ClassPathMapperScanner - Skipping MapperFactoryBean with name 'userInfoDao' and 'com.lpf.ecs_springboot.dao.UserInfoDao' mapperInterface. Bean already defined with the same name!
2020-11-17 11:35:20.747 [main] WARN  org.mybatis.spring.mapper.ClassPathMapperScanner - No MyBatis mapper was found in '[com.lpf.ecs_springboot]' package. Please check your configuration.
2020-11-17 14:53:46.596 [restartedMain] WARN  org.mybatis.spring.mapper.ClassPathMapperScanner - Skipping MapperFactoryBean with name 'cartoonDao' and 'com.lpf.ecs_springboot.dao.CartoonDao' mapperInterface. Bean already defined with the same name!
2020-11-17 14:53:46.640 [restartedMain] WARN  org.mybatis.spring.mapper.ClassPathMapperScanner - Skipping MapperFactoryBean with name 'mysqlOperaterDao' and 'com.lpf.ecs_springboot.dao.MysqlOperaterDao' mapperInterface. Bean already defined with the same name!
2020-11-17 14:53:46.640 [restartedMain] WARN  org.mybatis.spring.mapper.ClassPathMapperScanner - Skipping MapperFactoryBean with name 'noteDao' and 'com.lpf.ecs_springboot.dao.NoteDao' mapperInterface. Bean already defined with the same name!
2020-11-17 14:53:46.641 [restartedMain] WARN  org.mybatis.spring.mapper.ClassPathMapperScanner - Skipping MapperFactoryBean with name 'novelDao' and 'com.lpf.ecs_springboot.dao.NovelDao' mapperInterface. Bean already defined with the same name!
2020-11-17 14:53:46.641 [restartedMain] WARN  org.mybatis.spring.mapper.ClassPathMapperScanner - Skipping MapperFactoryBean with name 'touziDao' and 'com.lpf.ecs_springboot.dao.TouziDao' mapperInterface. Bean already defined with the same name!
2020-11-17 14:53:46.641 [restartedMain] WARN  org.mybatis.spring.mapper.ClassPathMapperScanner - Skipping MapperFactoryBean with name 'userDao' and 'com.lpf.ecs_springboot.dao.UserDao' mapperInterface. Bean already defined with the same name!
2020-11-17 14:53:46.641 [restartedMain] WARN  org.mybatis.spring.mapper.ClassPathMapperScanner - Skipping MapperFactoryBean with name 'userInfoDao' and 'com.lpf.ecs_springboot.dao.UserInfoDao' mapperInterface. Bean already defined with the same name!
2020-11-17 14:53:46.643 [restartedMain] WARN  org.mybatis.spring.mapper.ClassPathMapperScanner - No MyBatis mapper was found in '[com.lpf.ecs_springboot]' package. Please check your configuration.
2020-11-17 15:00:32.777 [http-nio-80-exec-6] WARN  com.zaxxer.hikari.pool.PoolBase - HikariPool-1 - Failed to validate connection com.mysql.cj.jdbc.ConnectionImpl@564f0a95 (No operations allowed after connection closed.). Possibly consider using a shorter maxLifetime value.
2020-11-17 15:00:37.790 [http-nio-80-exec-6] WARN  com.zaxxer.hikari.pool.PoolBase - HikariPool-1 - Failed to validate connection com.mysql.cj.jdbc.ConnectionImpl@1daaa3c3 (No operations allowed after connection closed.). Possibly consider using a shorter maxLifetime value.
2020-11-17 15:00:42.792 [http-nio-80-exec-6] WARN  com.zaxxer.hikari.pool.PoolBase - HikariPool-1 - Failed to validate connection com.mysql.cj.jdbc.ConnectionImpl@295faaa0 (No operations allowed after connection closed.). Possibly consider using a shorter maxLifetime value.
2020-11-17 15:00:47.795 [http-nio-80-exec-6] WARN  com.zaxxer.hikari.pool.PoolBase - HikariPool-1 - Failed to validate connection com.mysql.cj.jdbc.ConnectionImpl@2f47c5f9 (No operations allowed after connection closed.). Possibly consider using a shorter maxLifetime value.
2020-11-17 15:00:52.796 [http-nio-80-exec-6] WARN  com.zaxxer.hikari.pool.PoolBase - HikariPool-1 - Failed to validate connection com.mysql.cj.jdbc.ConnectionImpl@67bbcf69 (No operations allowed after connection closed.). Possibly consider using a shorter maxLifetime value.
2020-11-17 15:00:57.801 [http-nio-80-exec-6] WARN  com.zaxxer.hikari.pool.PoolBase - HikariPool-1 - Failed to validate connection com.mysql.cj.jdbc.ConnectionImpl@78fba240 (No operations allowed after connection closed.). Possibly consider using a shorter maxLifetime value.
2020-11-17 15:01:48.849 [restartedMain] WARN  org.mybatis.spring.mapper.ClassPathMapperScanner - Skipping MapperFactoryBean with name 'cartoonDao' and 'com.lpf.ecs_springboot.dao.CartoonDao' mapperInterface. Bean already defined with the same name!
2020-11-17 15:01:48.850 [restartedMain] WARN  org.mybatis.spring.mapper.ClassPathMapperScanner - Skipping MapperFactoryBean with name 'mysqlOperaterDao' and 'com.lpf.ecs_springboot.dao.MysqlOperaterDao' mapperInterface. Bean already defined with the same name!
2020-11-17 15:01:48.850 [restartedMain] WARN  org.mybatis.spring.mapper.ClassPathMapperScanner - Skipping MapperFactoryBean with name 'noteDao' and 'com.lpf.ecs_springboot.dao.NoteDao' mapperInterface. Bean already defined with the same name!
2020-11-17 15:01:48.850 [restartedMain] WARN  org.mybatis.spring.mapper.ClassPathMapperScanner - Skipping MapperFactoryBean with name 'novelDao' and 'com.lpf.ecs_springboot.dao.NovelDao' mapperInterface. Bean already defined with the same name!
2020-11-17 15:01:48.851 [restartedMain] WARN  org.mybatis.spring.mapper.ClassPathMapperScanner - Skipping MapperFactoryBean with name 'touziDao' and 'com.lpf.ecs_springboot.dao.TouziDao' mapperInterface. Bean already defined with the same name!
2020-11-17 15:01:48.851 [restartedMain] WARN  org.mybatis.spring.mapper.ClassPathMapperScanner - Skipping MapperFactoryBean with name 'userDao' and 'com.lpf.ecs_springboot.dao.UserDao' mapperInterface. Bean already defined with the same name!
2020-11-17 15:01:48.851 [restartedMain] WARN  org.mybatis.spring.mapper.ClassPathMapperScanner - Skipping MapperFactoryBean with name 'userInfoDao' and 'com.lpf.ecs_springboot.dao.UserInfoDao' mapperInterface. Bean already defined with the same name!
2020-11-17 15:01:48.852 [restartedMain] WARN  org.mybatis.spring.mapper.ClassPathMapperScanner - No MyBatis mapper was found in '[com.lpf.ecs_springboot]' package. Please check your configuration.
2020-11-17 15:12:16.068 [http-nio-80-exec-6] WARN  com.zaxxer.hikari.pool.PoolBase - HikariPool-1 - Failed to validate connection com.mysql.cj.jdbc.ConnectionImpl@28f304a (No operations allowed after connection closed.). Possibly consider using a shorter maxLifetime value.
2020-11-17 15:12:21.072 [http-nio-80-exec-6] WARN  com.zaxxer.hikari.pool.PoolBase - HikariPool-1 - Failed to validate connection com.mysql.cj.jdbc.ConnectionImpl@15be2526 (No operations allowed after connection closed.). Possibly consider using a shorter maxLifetime value.
2020-11-17 15:12:26.074 [http-nio-80-exec-6] WARN  com.zaxxer.hikari.pool.PoolBase - HikariPool-1 - Failed to validate connection com.mysql.cj.jdbc.ConnectionImpl@5ae1d930 (No operations allowed after connection closed.). Possibly consider using a shorter maxLifetime value.
2020-11-17 15:12:31.077 [http-nio-80-exec-6] WARN  com.zaxxer.hikari.pool.PoolBase - HikariPool-1 - Failed to validate connection com.mysql.cj.jdbc.ConnectionImpl@36b8c34b (No operations allowed after connection closed.). Possibly consider using a shorter maxLifetime value.
2020-11-17 15:12:31.120 [http-nio-80-exec-6] WARN  com.zaxxer.hikari.pool.PoolBase - HikariPool-1 - Failed to validate connection com.mysql.cj.jdbc.ConnectionImpl@7efad2df (No operations allowed after connection closed.). Possibly consider using a shorter maxLifetime value.
2020-11-17 15:12:36.122 [http-nio-80-exec-6] WARN  com.zaxxer.hikari.pool.PoolBase - HikariPool-1 - Failed to validate connection com.mysql.cj.jdbc.ConnectionImpl@2a86bc69 (No operations allowed after connection closed.). Possibly consider using a shorter maxLifetime value.
2020-11-17 15:12:36.135 [http-nio-80-exec-6] WARN  com.zaxxer.hikari.pool.PoolBase - HikariPool-1 - Failed to validate connection com.mysql.cj.jdbc.ConnectionImpl@52aad223 (No operations allowed after connection closed.). Possibly consider using a shorter maxLifetime value.
2020-11-17 15:12:41.137 [http-nio-80-exec-6] WARN  com.zaxxer.hikari.pool.PoolBase - HikariPool-1 - Failed to validate connection com.mysql.cj.jdbc.ConnectionImpl@7aee9e83 (No operations allowed after connection closed.). Possibly consider using a shorter maxLifetime value.
2020-11-17 15:21:18.414 [http-nio-80-exec-9] WARN  com.zaxxer.hikari.pool.PoolBase - HikariPool-1 - Failed to validate connection com.mysql.cj.jdbc.ConnectionImpl@58055a9c (No operations allowed after connection closed.). Possibly consider using a shorter maxLifetime value.
2020-11-17 15:21:23.425 [http-nio-80-exec-9] WARN  com.zaxxer.hikari.pool.PoolBase - HikariPool-1 - Failed to validate connection com.mysql.cj.jdbc.ConnectionImpl@193850a7 (No operations allowed after connection closed.). Possibly consider using a shorter maxLifetime value.
2020-11-17 15:21:28.429 [http-nio-80-exec-9] WARN  com.zaxxer.hikari.pool.PoolBase - HikariPool-1 - Failed to validate connection com.mysql.cj.jdbc.ConnectionImpl@286b0ed5 (No operations allowed after connection closed.). Possibly consider using a shorter maxLifetime value.
2020-11-17 15:21:33.432 [http-nio-80-exec-9] WARN  com.zaxxer.hikari.pool.PoolBase - HikariPool-1 - Failed to validate connection com.mysql.cj.jdbc.ConnectionImpl@7917afe8 (No operations allowed after connection closed.). Possibly consider using a shorter maxLifetime value.
2020-11-17 15:21:38.433 [http-nio-80-exec-9] WARN  com.zaxxer.hikari.pool.PoolBase - HikariPool-1 - Failed to validate connection com.mysql.cj.jdbc.ConnectionImpl@105e142b (No operations allowed after connection closed.). Possibly consider using a shorter maxLifetime value.
2020-11-17 15:21:43.435 [http-nio-80-exec-9] WARN  com.zaxxer.hikari.pool.PoolBase - HikariPool-1 - Failed to validate connection com.mysql.cj.jdbc.ConnectionImpl@3975b27f (No operations allowed after connection closed.). Possibly consider using a shorter maxLifetime value.
2020-11-17 16:01:22.638 [http-nio-80-exec-2] WARN  com.zaxxer.hikari.pool.PoolBase - HikariPool-1 - Failed to validate connection com.mysql.cj.jdbc.ConnectionImpl@3d98335e (No operations allowed after connection closed.). Possibly consider using a shorter maxLifetime value.
2020-11-17 16:01:27.642 [http-nio-80-exec-2] WARN  com.zaxxer.hikari.pool.PoolBase - HikariPool-1 - Failed to validate connection com.mysql.cj.jdbc.ConnectionImpl@66606f97 (No operations allowed after connection closed.). Possibly consider using a shorter maxLifetime value.
2020-11-17 16:01:32.646 [http-nio-80-exec-2] WARN  com.zaxxer.hikari.pool.PoolBase - HikariPool-1 - Failed to validate connection com.mysql.cj.jdbc.ConnectionImpl@674e4d88 (No operations allowed after connection closed.). Possibly consider using a shorter maxLifetime value.
2020-11-17 16:01:37.648 [http-nio-80-exec-2] WARN  com.zaxxer.hikari.pool.PoolBase - HikariPool-1 - Failed to validate connection com.mysql.cj.jdbc.ConnectionImpl@48b79aac (No operations allowed after connection closed.). Possibly consider using a shorter maxLifetime value.
2020-11-17 16:01:42.650 [http-nio-80-exec-2] WARN  com.zaxxer.hikari.pool.PoolBase - HikariPool-1 - Failed to validate connection com.mysql.cj.jdbc.ConnectionImpl@275099ee (No operations allowed after connection closed.). Possibly consider using a shorter maxLifetime value.
2020-11-17 16:01:47.654 [http-nio-80-exec-2] WARN  com.zaxxer.hikari.pool.PoolBase - HikariPool-1 - Failed to validate connection com.mysql.cj.jdbc.ConnectionImpl@6d54b474 (No operations allowed after connection closed.). Possibly consider using a shorter maxLifetime value.
2020-11-17 16:02:15.834 [http-nio-80-exec-4] WARN  com.zaxxer.hikari.pool.PoolBase - HikariPool-1 - Failed to validate connection com.mysql.cj.jdbc.ConnectionImpl@388cc173 (No operations allowed after connection closed.). Possibly consider using a shorter maxLifetime value.
2020-11-17 16:02:20.837 [http-nio-80-exec-4] WARN  com.zaxxer.hikari.pool.PoolBase - HikariPool-1 - Failed to validate connection com.mysql.cj.jdbc.ConnectionImpl@3274aa03 (No operations allowed after connection closed.). Possibly consider using a shorter maxLifetime value.
2020-11-17 16:02:25.840 [http-nio-80-exec-4] WARN  com.zaxxer.hikari.pool.PoolBase - HikariPool-1 - Failed to validate connection com.mysql.cj.jdbc.ConnectionImpl@77763229 (No operations allowed after connection closed.). Possibly consider using a shorter maxLifetime value.
2020-11-17 16:02:30.842 [http-nio-80-exec-4] WARN  com.zaxxer.hikari.pool.PoolBase - HikariPool-1 - Failed to validate connection com.mysql.cj.jdbc.ConnectionImpl@46cbc462 (No operations allowed after connection closed.). Possibly consider using a shorter maxLifetime value.
2020-11-17 16:11:47.057 [http-nio-80-exec-8] WARN  com.zaxxer.hikari.pool.PoolBase - HikariPool-1 - Failed to validate connection com.mysql.cj.jdbc.ConnectionImpl@5553564b (No operations allowed after connection closed.). Possibly consider using a shorter maxLifetime value.
2020-11-17 16:11:52.060 [http-nio-80-exec-8] WARN  com.zaxxer.hikari.pool.PoolBase - HikariPool-1 - Failed to validate connection com.mysql.cj.jdbc.ConnectionImpl@357aab37 (No operations allowed after connection closed.). Possibly consider using a shorter maxLifetime value.
2020-11-17 16:11:57.064 [http-nio-80-exec-8] WARN  com.zaxxer.hikari.pool.PoolBase - HikariPool-1 - Failed to validate connection com.mysql.cj.jdbc.ConnectionImpl@41e13e86 (No operations allowed after connection closed.). Possibly consider using a shorter maxLifetime value.
2020-11-17 16:12:02.067 [http-nio-80-exec-8] WARN  com.zaxxer.hikari.pool.PoolBase - HikariPool-1 - Failed to validate connection com.mysql.cj.jdbc.ConnectionImpl@6cc21228 (No operations allowed after connection closed.). Possibly consider using a shorter maxLifetime value.
2020-11-17 16:12:07.070 [http-nio-80-exec-8] WARN  com.zaxxer.hikari.pool.PoolBase - HikariPool-1 - Failed to validate connection com.mysql.cj.jdbc.ConnectionImpl@542048bd (No operations allowed after connection closed.). Possibly consider using a shorter maxLifetime value.
2020-11-17 16:12:12.074 [http-nio-80-exec-8] WARN  com.zaxxer.hikari.pool.PoolBase - HikariPool-1 - Failed to validate connection com.mysql.cj.jdbc.ConnectionImpl@51b88c76 (No operations allowed after connection closed.). Possibly consider using a shorter maxLifetime value.
2020-11-17 16:13:28.067 [http-nio-80-exec-1] WARN  com.zaxxer.hikari.pool.PoolBase - HikariPool-1 - Failed to validate connection com.mysql.cj.jdbc.ConnectionImpl@2d901131 (No operations allowed after connection closed.). Possibly consider using a shorter maxLifetime value.
2020-11-17 16:13:33.077 [http-nio-80-exec-1] WARN  com.zaxxer.hikari.pool.PoolBase - HikariPool-1 - Failed to validate connection com.mysql.cj.jdbc.ConnectionImpl@1589c46f (No operations allowed after connection closed.). Possibly consider using a shorter maxLifetime value.
2020-11-17 16:13:38.080 [http-nio-80-exec-1] WARN  com.zaxxer.hikari.pool.PoolBase - HikariPool-1 - Failed to validate connection com.mysql.cj.jdbc.ConnectionImpl@249fcce9 (No operations allowed after connection closed.). Possibly consider using a shorter maxLifetime value.
2020-11-17 16:13:43.083 [http-nio-80-exec-1] WARN  com.zaxxer.hikari.pool.PoolBase - HikariPool-1 - Failed to validate connection com.mysql.cj.jdbc.ConnectionImpl@7beb3ef7 (No operations allowed after connection closed.). Possibly consider using a shorter maxLifetime value.
2020-11-17 16:28:21.728 [http-nio-80-exec-9] WARN  com.zaxxer.hikari.pool.PoolBase - HikariPool-1 - Failed to validate connection com.mysql.cj.jdbc.ConnectionImpl@7d593256 (No operations allowed after connection closed.). Possibly consider using a shorter maxLifetime value.
2020-11-17 16:28:26.746 [http-nio-80-exec-9] WARN  com.zaxxer.hikari.pool.PoolBase - HikariPool-1 - Failed to validate connection com.mysql.cj.jdbc.ConnectionImpl@6092e406 (No operations allowed after connection closed.). Possibly consider using a shorter maxLifetime value.
2020-11-17 16:28:31.749 [http-nio-80-exec-9] WARN  com.zaxxer.hikari.pool.PoolBase - HikariPool-1 - Failed to validate connection com.mysql.cj.jdbc.ConnectionImpl@74e05421 (No operations allowed after connection closed.). Possibly consider using a shorter maxLifetime value.
2020-11-17 16:28:36.752 [http-nio-80-exec-9] WARN  com.zaxxer.hikari.pool.PoolBase - HikariPool-1 - Failed to validate connection com.mysql.cj.jdbc.ConnectionImpl@2a437a5d (No operations allowed after connection closed.). Possibly consider using a shorter maxLifetime value.
2020-11-17 16:28:41.760 [http-nio-80-exec-9] WARN  com.zaxxer.hikari.pool.PoolBase - HikariPool-1 - Failed to validate connection com.mysql.cj.jdbc.ConnectionImpl@2bb10f0a (No operations allowed after connection closed.). Possibly consider using a shorter maxLifetime value.
2020-11-17 16:28:46.763 [http-nio-80-exec-9] WARN  com.zaxxer.hikari.pool.PoolBase - HikariPool-1 - Failed to validate connection com.mysql.cj.jdbc.ConnectionImpl@222d54f0 (No operations allowed after connection closed.). Possibly consider using a shorter maxLifetime value.
2020-11-17 16:31:02.043 [http-nio-80-exec-2] WARN  com.zaxxer.hikari.pool.PoolBase - HikariPool-1 - Failed to validate connection com.mysql.cj.jdbc.ConnectionImpl@19422188 (No operations allowed after connection closed.). Possibly consider using a shorter maxLifetime value.
2020-11-17 16:31:07.046 [http-nio-80-exec-2] WARN  com.zaxxer.hikari.pool.PoolBase - HikariPool-1 - Failed to validate connection com.mysql.cj.jdbc.ConnectionImpl@35028ad3 (No operations allowed after connection closed.). Possibly consider using a shorter maxLifetime value.
2020-11-17 16:59:21.813 [http-nio-80-exec-6] WARN  com.zaxxer.hikari.pool.PoolBase - HikariPool-1 - Failed to validate connection com.mysql.cj.jdbc.ConnectionImpl@90ef371 (No operations allowed after connection closed.). Possibly consider using a shorter maxLifetime value.
2020-11-17 16:59:26.815 [http-nio-80-exec-6] WARN  com.zaxxer.hikari.pool.PoolBase - HikariPool-1 - Failed to validate connection com.mysql.cj.jdbc.ConnectionImpl@4df4379e (No operations allowed after connection closed.). Possibly consider using a shorter maxLifetime value.
2020-11-17 16:59:31.818 [http-nio-80-exec-6] WARN  com.zaxxer.hikari.pool.PoolBase - HikariPool-1 - Failed to validate connection com.mysql.cj.jdbc.ConnectionImpl@124f3910 (No operations allowed after connection closed.). Possibly consider using a shorter maxLifetime value.
2020-11-17 16:59:36.821 [http-nio-80-exec-6] WARN  com.zaxxer.hikari.pool.PoolBase - HikariPool-1 - Failed to validate connection com.mysql.cj.jdbc.ConnectionImpl@70711330 (No operations allowed after connection closed.). Possibly consider using a shorter maxLifetime value.
2020-11-17 17:45:51.212 [http-nio-80-exec-4] WARN  com.zaxxer.hikari.pool.PoolBase - HikariPool-1 - Failed to validate connection com.mysql.cj.jdbc.ConnectionImpl@67073fbf (No operations allowed after connection closed.). Possibly consider using a shorter maxLifetime value.
2020-11-17 17:45:56.216 [http-nio-80-exec-4] WARN  com.zaxxer.hikari.pool.PoolBase - HikariPool-1 - Failed to validate connection com.mysql.cj.jdbc.ConnectionImpl@a31dd51 (No operations allowed after connection closed.). Possibly consider using a shorter maxLifetime value.
2020-11-17 17:46:01.255 [http-nio-80-exec-4] WARN  com.zaxxer.hikari.pool.PoolBase - HikariPool-1 - Failed to validate connection com.mysql.cj.jdbc.ConnectionImpl@61895b51 (No operations allowed after connection closed.). Possibly consider using a shorter maxLifetime value.
2020-11-17 17:46:06.257 [http-nio-80-exec-4] WARN  com.zaxxer.hikari.pool.PoolBase - HikariPool-1 - Failed to validate connection com.mysql.cj.jdbc.ConnectionImpl@46f05188 (No operations allowed after connection closed.). Possibly consider using a shorter maxLifetime value.
2020-11-17 17:46:11.267 [http-nio-80-exec-4] WARN  com.zaxxer.hikari.pool.PoolBase - HikariPool-1 - Failed to validate connection com.mysql.cj.jdbc.ConnectionImpl@69574f85 (No operations allowed after connection closed.). Possibly consider using a shorter maxLifetime value.
2020-11-17 17:46:16.270 [http-nio-80-exec-4] WARN  com.zaxxer.hikari.pool.PoolBase - HikariPool-1 - Failed to validate connection com.mysql.cj.jdbc.ConnectionImpl@79c67f3b (No operations allowed after connection closed.). Possibly consider using a shorter maxLifetime value.
