2020-11-16 09:20:47.156 [restartedMain] WARN  org.mybatis.spring.mapper.ClassPathMapperScanner - Skipping MapperFactoryBean with name 'cartoonDao' and 'com.lpf.ecs_springboot.dao.CartoonDao' mapperInterface. Bean already defined with the same name!
2020-11-16 09:20:47.156 [restartedMain] WARN  org.mybatis.spring.mapper.ClassPathMapperScanner - Skipping MapperFactoryBean with name 'mysqlOperaterDao' and 'com.lpf.ecs_springboot.dao.MysqlOperaterDao' mapperInterface. Bean already defined with the same name!
2020-11-16 09:20:47.156 [restartedMain] WARN  org.mybatis.spring.mapper.ClassPathMapperScanner - Skipping MapperFactoryBean with name 'noteDao' and 'com.lpf.ecs_springboot.dao.NoteDao' mapperInterface. Bean already defined with the same name!
2020-11-16 09:20:47.156 [restartedMain] WARN  org.mybatis.spring.mapper.ClassPathMapperScanner - Skipping MapperFactoryBean with name 'novelDao' and 'com.lpf.ecs_springboot.dao.NovelDao' mapperInterface. Bean already defined with the same name!
2020-11-16 09:20:47.156 [restartedMain] WARN  org.mybatis.spring.mapper.ClassPathMapperScanner - Skipping MapperFactoryBean with name 'touziDao' and 'com.lpf.ecs_springboot.dao.TouziDao' mapperInterface. Bean already defined with the same name!
2020-11-16 09:20:47.156 [restartedMain] WARN  org.mybatis.spring.mapper.ClassPathMapperScanner - Skipping MapperFactoryBean with name 'userDao' and 'com.lpf.ecs_springboot.dao.UserDao' mapperInterface. Bean already defined with the same name!
2020-11-16 09:20:47.156 [restartedMain] WARN  org.mybatis.spring.mapper.ClassPathMapperScanner - Skipping MapperFactoryBean with name 'userInfoDao' and 'com.lpf.ecs_springboot.dao.UserInfoDao' mapperInterface. Bean already defined with the same name!
2020-11-16 09:20:47.156 [restartedMain] WARN  org.mybatis.spring.mapper.ClassPathMapperScanner - No MyBatis mapper was found in '[com.lpf.ecs_springboot]' package. Please check your configuration.
2020-11-16 09:21:27.918 [restartedMain] WARN  org.mybatis.spring.mapper.ClassPathMapperScanner - Skipping MapperFactoryBean with name 'cartoonDao' and 'com.lpf.ecs_springboot.dao.CartoonDao' mapperInterface. Bean already defined with the same name!
2020-11-16 09:21:27.920 [restartedMain] WARN  org.mybatis.spring.mapper.ClassPathMapperScanner - Skipping MapperFactoryBean with name 'mysqlOperaterDao' and 'com.lpf.ecs_springboot.dao.MysqlOperaterDao' mapperInterface. Bean already defined with the same name!
2020-11-16 09:21:27.921 [restartedMain] WARN  org.mybatis.spring.mapper.ClassPathMapperScanner - Skipping MapperFactoryBean with name 'noteDao' and 'com.lpf.ecs_springboot.dao.NoteDao' mapperInterface. Bean already defined with the same name!
2020-11-16 09:21:27.921 [restartedMain] WARN  org.mybatis.spring.mapper.ClassPathMapperScanner - Skipping MapperFactoryBean with name 'novelDao' and 'com.lpf.ecs_springboot.dao.NovelDao' mapperInterface. Bean already defined with the same name!
2020-11-16 09:21:27.921 [restartedMain] WARN  org.mybatis.spring.mapper.ClassPathMapperScanner - Skipping MapperFactoryBean with name 'touziDao' and 'com.lpf.ecs_springboot.dao.TouziDao' mapperInterface. Bean already defined with the same name!
2020-11-16 09:21:27.922 [restartedMain] WARN  org.mybatis.spring.mapper.ClassPathMapperScanner - Skipping MapperFactoryBean with name 'userDao' and 'com.lpf.ecs_springboot.dao.UserDao' mapperInterface. Bean already defined with the same name!
2020-11-16 09:21:27.922 [restartedMain] WARN  org.mybatis.spring.mapper.ClassPathMapperScanner - Skipping MapperFactoryBean with name 'userInfoDao' and 'com.lpf.ecs_springboot.dao.UserInfoDao' mapperInterface. Bean already defined with the same name!
2020-11-16 09:21:27.922 [restartedMain] WARN  org.mybatis.spring.mapper.ClassPathMapperScanner - No MyBatis mapper was found in '[com.lpf.ecs_springboot]' package. Please check your configuration.
2020-11-16 09:27:29.386 [restartedMain] WARN  org.mybatis.spring.mapper.ClassPathMapperScanner - Skipping MapperFactoryBean with name 'cartoonDao' and 'com.lpf.ecs_springboot.dao.CartoonDao' mapperInterface. Bean already defined with the same name!
2020-11-16 09:27:29.387 [restartedMain] WARN  org.mybatis.spring.mapper.ClassPathMapperScanner - Skipping MapperFactoryBean with name 'mysqlOperaterDao' and 'com.lpf.ecs_springboot.dao.MysqlOperaterDao' mapperInterface. Bean already defined with the same name!
2020-11-16 09:27:29.387 [restartedMain] WARN  org.mybatis.spring.mapper.ClassPathMapperScanner - Skipping MapperFactoryBean with name 'noteDao' and 'com.lpf.ecs_springboot.dao.NoteDao' mapperInterface. Bean already defined with the same name!
2020-11-16 09:27:29.387 [restartedMain] WARN  org.mybatis.spring.mapper.ClassPathMapperScanner - Skipping MapperFactoryBean with name 'novelDao' and 'com.lpf.ecs_springboot.dao.NovelDao' mapperInterface. Bean already defined with the same name!
2020-11-16 09:27:29.387 [restartedMain] WARN  org.mybatis.spring.mapper.ClassPathMapperScanner - Skipping MapperFactoryBean with name 'touziDao' and 'com.lpf.ecs_springboot.dao.TouziDao' mapperInterface. Bean already defined with the same name!
2020-11-16 09:27:29.387 [restartedMain] WARN  org.mybatis.spring.mapper.ClassPathMapperScanner - Skipping MapperFactoryBean with name 'userDao' and 'com.lpf.ecs_springboot.dao.UserDao' mapperInterface. Bean already defined with the same name!
2020-11-16 09:27:29.387 [restartedMain] WARN  org.mybatis.spring.mapper.ClassPathMapperScanner - Skipping MapperFactoryBean with name 'userInfoDao' and 'com.lpf.ecs_springboot.dao.UserInfoDao' mapperInterface. Bean already defined with the same name!
2020-11-16 09:27:29.387 [restartedMain] WARN  org.mybatis.spring.mapper.ClassPathMapperScanner - No MyBatis mapper was found in '[com.lpf.ecs_springboot]' package. Please check your configuration.
2020-11-16 09:30:39.974 [restartedMain] WARN  org.mybatis.spring.mapper.ClassPathMapperScanner - Skipping MapperFactoryBean with name 'cartoonDao' and 'com.lpf.ecs_springboot.dao.CartoonDao' mapperInterface. Bean already defined with the same name!
2020-11-16 09:30:39.974 [restartedMain] WARN  org.mybatis.spring.mapper.ClassPathMapperScanner - Skipping MapperFactoryBean with name 'mysqlOperaterDao' and 'com.lpf.ecs_springboot.dao.MysqlOperaterDao' mapperInterface. Bean already defined with the same name!
2020-11-16 09:30:39.975 [restartedMain] WARN  org.mybatis.spring.mapper.ClassPathMapperScanner - Skipping MapperFactoryBean with name 'noteDao' and 'com.lpf.ecs_springboot.dao.NoteDao' mapperInterface. Bean already defined with the same name!
2020-11-16 09:30:39.975 [restartedMain] WARN  org.mybatis.spring.mapper.ClassPathMapperScanner - Skipping MapperFactoryBean with name 'novelDao' and 'com.lpf.ecs_springboot.dao.NovelDao' mapperInterface. Bean already defined with the same name!
2020-11-16 09:30:39.975 [restartedMain] WARN  org.mybatis.spring.mapper.ClassPathMapperScanner - Skipping MapperFactoryBean with name 'touziDao' and 'com.lpf.ecs_springboot.dao.TouziDao' mapperInterface. Bean already defined with the same name!
2020-11-16 09:30:39.975 [restartedMain] WARN  org.mybatis.spring.mapper.ClassPathMapperScanner - Skipping MapperFactoryBean with name 'userDao' and 'com.lpf.ecs_springboot.dao.UserDao' mapperInterface. Bean already defined with the same name!
2020-11-16 09:30:39.975 [restartedMain] WARN  org.mybatis.spring.mapper.ClassPathMapperScanner - Skipping MapperFactoryBean with name 'userInfoDao' and 'com.lpf.ecs_springboot.dao.UserInfoDao' mapperInterface. Bean already defined with the same name!
2020-11-16 09:30:39.976 [restartedMain] WARN  org.mybatis.spring.mapper.ClassPathMapperScanner - No MyBatis mapper was found in '[com.lpf.ecs_springboot]' package. Please check your configuration.
2020-11-16 09:35:35.839 [main] WARN  org.mybatis.spring.mapper.ClassPathMapperScanner - Skipping MapperFactoryBean with name 'cartoonDao' and 'com.lpf.ecs_springboot.dao.CartoonDao' mapperInterface. Bean already defined with the same name!
2020-11-16 09:35:35.840 [main] WARN  org.mybatis.spring.mapper.ClassPathMapperScanner - Skipping MapperFactoryBean with name 'mysqlOperaterDao' and 'com.lpf.ecs_springboot.dao.MysqlOperaterDao' mapperInterface. Bean already defined with the same name!
2020-11-16 09:35:35.841 [main] WARN  org.mybatis.spring.mapper.ClassPathMapperScanner - Skipping MapperFactoryBean with name 'noteDao' and 'com.lpf.ecs_springboot.dao.NoteDao' mapperInterface. Bean already defined with the same name!
2020-11-16 09:35:35.842 [main] WARN  org.mybatis.spring.mapper.ClassPathMapperScanner - Skipping MapperFactoryBean with name 'novelDao' and 'com.lpf.ecs_springboot.dao.NovelDao' mapperInterface. Bean already defined with the same name!
2020-11-16 09:35:35.842 [main] WARN  org.mybatis.spring.mapper.ClassPathMapperScanner - Skipping MapperFactoryBean with name 'touziDao' and 'com.lpf.ecs_springboot.dao.TouziDao' mapperInterface. Bean already defined with the same name!
2020-11-16 09:35:35.843 [main] WARN  org.mybatis.spring.mapper.ClassPathMapperScanner - Skipping MapperFactoryBean with name 'userDao' and 'com.lpf.ecs_springboot.dao.UserDao' mapperInterface. Bean already defined with the same name!
2020-11-16 09:35:35.844 [main] WARN  org.mybatis.spring.mapper.ClassPathMapperScanner - Skipping MapperFactoryBean with name 'userInfoDao' and 'com.lpf.ecs_springboot.dao.UserInfoDao' mapperInterface. Bean already defined with the same name!
2020-11-16 09:35:35.846 [main] WARN  org.mybatis.spring.mapper.ClassPathMapperScanner - No MyBatis mapper was found in '[com.lpf.ecs_springboot]' package. Please check your configuration.
2020-11-16 09:36:51.673 [main] WARN  org.mybatis.spring.mapper.ClassPathMapperScanner - Skipping MapperFactoryBean with name 'cartoonDao' and 'com.lpf.ecs_springboot.dao.CartoonDao' mapperInterface. Bean already defined with the same name!
2020-11-16 09:36:51.674 [main] WARN  org.mybatis.spring.mapper.ClassPathMapperScanner - Skipping MapperFactoryBean with name 'mysqlOperaterDao' and 'com.lpf.ecs_springboot.dao.MysqlOperaterDao' mapperInterface. Bean already defined with the same name!
2020-11-16 09:36:51.675 [main] WARN  org.mybatis.spring.mapper.ClassPathMapperScanner - Skipping MapperFactoryBean with name 'noteDao' and 'com.lpf.ecs_springboot.dao.NoteDao' mapperInterface. Bean already defined with the same name!
2020-11-16 09:36:51.675 [main] WARN  org.mybatis.spring.mapper.ClassPathMapperScanner - Skipping MapperFactoryBean with name 'novelDao' and 'com.lpf.ecs_springboot.dao.NovelDao' mapperInterface. Bean already defined with the same name!
2020-11-16 09:36:51.676 [main] WARN  org.mybatis.spring.mapper.ClassPathMapperScanner - Skipping MapperFactoryBean with name 'touziDao' and 'com.lpf.ecs_springboot.dao.TouziDao' mapperInterface. Bean already defined with the same name!
2020-11-16 09:36:51.677 [main] WARN  org.mybatis.spring.mapper.ClassPathMapperScanner - Skipping MapperFactoryBean with name 'userDao' and 'com.lpf.ecs_springboot.dao.UserDao' mapperInterface. Bean already defined with the same name!
2020-11-16 09:36:51.677 [main] WARN  org.mybatis.spring.mapper.ClassPathMapperScanner - Skipping MapperFactoryBean with name 'userInfoDao' and 'com.lpf.ecs_springboot.dao.UserInfoDao' mapperInterface. Bean already defined with the same name!
2020-11-16 09:36:51.678 [main] WARN  org.mybatis.spring.mapper.ClassPathMapperScanner - No MyBatis mapper was found in '[com.lpf.ecs_springboot]' package. Please check your configuration.
2020-11-16 09:37:51.156 [main] WARN  org.mybatis.spring.mapper.ClassPathMapperScanner - Skipping MapperFactoryBean with name 'cartoonDao' and 'com.lpf.ecs_springboot.dao.CartoonDao' mapperInterface. Bean already defined with the same name!
2020-11-16 09:37:51.157 [main] WARN  org.mybatis.spring.mapper.ClassPathMapperScanner - Skipping MapperFactoryBean with name 'mysqlOperaterDao' and 'com.lpf.ecs_springboot.dao.MysqlOperaterDao' mapperInterface. Bean already defined with the same name!
2020-11-16 09:37:51.158 [main] WARN  org.mybatis.spring.mapper.ClassPathMapperScanner - Skipping MapperFactoryBean with name 'noteDao' and 'com.lpf.ecs_springboot.dao.NoteDao' mapperInterface. Bean already defined with the same name!
2020-11-16 09:37:51.158 [main] WARN  org.mybatis.spring.mapper.ClassPathMapperScanner - Skipping MapperFactoryBean with name 'novelDao' and 'com.lpf.ecs_springboot.dao.NovelDao' mapperInterface. Bean already defined with the same name!
2020-11-16 09:37:51.158 [main] WARN  org.mybatis.spring.mapper.ClassPathMapperScanner - Skipping MapperFactoryBean with name 'touziDao' and 'com.lpf.ecs_springboot.dao.TouziDao' mapperInterface. Bean already defined with the same name!
2020-11-16 09:37:51.158 [main] WARN  org.mybatis.spring.mapper.ClassPathMapperScanner - Skipping MapperFactoryBean with name 'userDao' and 'com.lpf.ecs_springboot.dao.UserDao' mapperInterface. Bean already defined with the same name!
2020-11-16 09:37:51.159 [main] WARN  org.mybatis.spring.mapper.ClassPathMapperScanner - Skipping MapperFactoryBean with name 'userInfoDao' and 'com.lpf.ecs_springboot.dao.UserInfoDao' mapperInterface. Bean already defined with the same name!
2020-11-16 09:37:51.159 [main] WARN  org.mybatis.spring.mapper.ClassPathMapperScanner - No MyBatis mapper was found in '[com.lpf.ecs_springboot]' package. Please check your configuration.
2020-11-16 09:38:15.278 [restartedMain] WARN  org.mybatis.spring.mapper.ClassPathMapperScanner - Skipping MapperFactoryBean with name 'cartoonDao' and 'com.lpf.ecs_springboot.dao.CartoonDao' mapperInterface. Bean already defined with the same name!
2020-11-16 09:38:15.279 [restartedMain] WARN  org.mybatis.spring.mapper.ClassPathMapperScanner - Skipping MapperFactoryBean with name 'mysqlOperaterDao' and 'com.lpf.ecs_springboot.dao.MysqlOperaterDao' mapperInterface. Bean already defined with the same name!
2020-11-16 09:38:15.279 [restartedMain] WARN  org.mybatis.spring.mapper.ClassPathMapperScanner - Skipping MapperFactoryBean with name 'noteDao' and 'com.lpf.ecs_springboot.dao.NoteDao' mapperInterface. Bean already defined with the same name!
2020-11-16 09:38:15.279 [restartedMain] WARN  org.mybatis.spring.mapper.ClassPathMapperScanner - Skipping MapperFactoryBean with name 'novelDao' and 'com.lpf.ecs_springboot.dao.NovelDao' mapperInterface. Bean already defined with the same name!
2020-11-16 09:38:15.279 [restartedMain] WARN  org.mybatis.spring.mapper.ClassPathMapperScanner - Skipping MapperFactoryBean with name 'touziDao' and 'com.lpf.ecs_springboot.dao.TouziDao' mapperInterface. Bean already defined with the same name!
2020-11-16 09:38:15.279 [restartedMain] WARN  org.mybatis.spring.mapper.ClassPathMapperScanner - Skipping MapperFactoryBean with name 'userDao' and 'com.lpf.ecs_springboot.dao.UserDao' mapperInterface. Bean already defined with the same name!
2020-11-16 09:38:15.279 [restartedMain] WARN  org.mybatis.spring.mapper.ClassPathMapperScanner - Skipping MapperFactoryBean with name 'userInfoDao' and 'com.lpf.ecs_springboot.dao.UserInfoDao' mapperInterface. Bean already defined with the same name!
2020-11-16 09:38:15.280 [restartedMain] WARN  org.mybatis.spring.mapper.ClassPathMapperScanner - No MyBatis mapper was found in '[com.lpf.ecs_springboot]' package. Please check your configuration.
2020-11-16 09:40:04.391 [restartedMain] WARN  org.mybatis.spring.mapper.ClassPathMapperScanner - Skipping MapperFactoryBean with name 'cartoonDao' and 'com.lpf.ecs_springboot.dao.CartoonDao' mapperInterface. Bean already defined with the same name!
2020-11-16 09:40:04.391 [restartedMain] WARN  org.mybatis.spring.mapper.ClassPathMapperScanner - Skipping MapperFactoryBean with name 'mysqlOperaterDao' and 'com.lpf.ecs_springboot.dao.MysqlOperaterDao' mapperInterface. Bean already defined with the same name!
2020-11-16 09:40:04.392 [restartedMain] WARN  org.mybatis.spring.mapper.ClassPathMapperScanner - Skipping MapperFactoryBean with name 'noteDao' and 'com.lpf.ecs_springboot.dao.NoteDao' mapperInterface. Bean already defined with the same name!
2020-11-16 09:40:04.392 [restartedMain] WARN  org.mybatis.spring.mapper.ClassPathMapperScanner - Skipping MapperFactoryBean with name 'novelDao' and 'com.lpf.ecs_springboot.dao.NovelDao' mapperInterface. Bean already defined with the same name!
2020-11-16 09:40:04.392 [restartedMain] WARN  org.mybatis.spring.mapper.ClassPathMapperScanner - Skipping MapperFactoryBean with name 'touziDao' and 'com.lpf.ecs_springboot.dao.TouziDao' mapperInterface. Bean already defined with the same name!
2020-11-16 09:40:04.392 [restartedMain] WARN  org.mybatis.spring.mapper.ClassPathMapperScanner - Skipping MapperFactoryBean with name 'userDao' and 'com.lpf.ecs_springboot.dao.UserDao' mapperInterface. Bean already defined with the same name!
2020-11-16 09:40:04.392 [restartedMain] WARN  org.mybatis.spring.mapper.ClassPathMapperScanner - Skipping MapperFactoryBean with name 'userInfoDao' and 'com.lpf.ecs_springboot.dao.UserInfoDao' mapperInterface. Bean already defined with the same name!
2020-11-16 09:40:04.392 [restartedMain] WARN  org.mybatis.spring.mapper.ClassPathMapperScanner - No MyBatis mapper was found in '[com.lpf.ecs_springboot]' package. Please check your configuration.
2020-11-16 09:42:37.454 [restartedMain] WARN  org.mybatis.spring.mapper.ClassPathMapperScanner - No MyBatis mapper was found in '[com.lpf.ecs_springboot]' package. Please check your configuration.
2020-11-16 09:42:37.656 [restartedMain] WARN  org.mybatis.spring.mapper.ClassPathMapperScanner - No MyBatis mapper was found in '[com.lpf.ecs_springboot]' package. Please check your configuration.
2020-11-16 09:42:40.315 [restartedMain] WARN  o.s.b.w.s.c.AnnotationConfigServletWebServerApplicationContext - Exception encountered during context initialization - cancelling refresh attempt: org.springframework.beans.factory.BeanCreationException: Error creating bean with name 'sqlSessionFactory' defined in class path resource [com/baomidou/mybatisplus/autoconfigure/MybatisPlusAutoConfiguration.class]: Bean instantiation via factory method failed; nested exception is org.springframework.beans.BeanInstantiationException: Failed to instantiate [org.apache.ibatis.session.SqlSessionFactory]: Factory method 'sqlSessionFactory' threw exception; nested exception is org.springframework.core.NestedIOException: Failed to parse mapping resource: 'file [E:\ecs_springboot\target\classes\mapper\NoteMapper.xml]'; nested exception is org.apache.ibatis.builder.BuilderException: Error parsing Mapper XML. The XML location is 'file [E:\ecs_springboot\target\classes\mapper\NoteMapper.xml]'. Cause: org.apache.ibatis.builder.BuilderException: Error resolving class. Cause: org.apache.ibatis.type.TypeException: Could not resolve type alias 'com.lpf.ecs_springboot.entity.Note'.  Cause: java.lang.ClassNotFoundException: Cannot find class: com.lpf.ecs_springboot.entity.Note
2020-11-16 09:42:54.030 [restartedMain] WARN  org.mybatis.spring.mapper.ClassPathMapperScanner - Skipping MapperFactoryBean with name 'cartoonDao' and 'com.lpf.ecs_springboot.dao.CartoonDao' mapperInterface. Bean already defined with the same name!
2020-11-16 09:42:54.030 [restartedMain] WARN  org.mybatis.spring.mapper.ClassPathMapperScanner - Skipping MapperFactoryBean with name 'mysqlOperaterDao' and 'com.lpf.ecs_springboot.dao.MysqlOperaterDao' mapperInterface. Bean already defined with the same name!
2020-11-16 09:42:54.030 [restartedMain] WARN  org.mybatis.spring.mapper.ClassPathMapperScanner - Skipping MapperFactoryBean with name 'noteDao' and 'com.lpf.ecs_springboot.dao.NoteDao' mapperInterface. Bean already defined with the same name!
2020-11-16 09:42:54.030 [restartedMain] WARN  org.mybatis.spring.mapper.ClassPathMapperScanner - Skipping MapperFactoryBean with name 'novelDao' and 'com.lpf.ecs_springboot.dao.NovelDao' mapperInterface. Bean already defined with the same name!
2020-11-16 09:42:54.030 [restartedMain] WARN  org.mybatis.spring.mapper.ClassPathMapperScanner - Skipping MapperFactoryBean with name 'touziDao' and 'com.lpf.ecs_springboot.dao.TouziDao' mapperInterface. Bean already defined with the same name!
2020-11-16 09:42:54.031 [restartedMain] WARN  org.mybatis.spring.mapper.ClassPathMapperScanner - Skipping MapperFactoryBean with name 'userDao' and 'com.lpf.ecs_springboot.dao.UserDao' mapperInterface. Bean already defined with the same name!
2020-11-16 09:42:54.031 [restartedMain] WARN  org.mybatis.spring.mapper.ClassPathMapperScanner - Skipping MapperFactoryBean with name 'userInfoDao' and 'com.lpf.ecs_springboot.dao.UserInfoDao' mapperInterface. Bean already defined with the same name!
2020-11-16 09:42:54.031 [restartedMain] WARN  org.mybatis.spring.mapper.ClassPathMapperScanner - No MyBatis mapper was found in '[com.lpf.ecs_springboot]' package. Please check your configuration.
2020-11-16 09:43:09.871 [main] WARN  org.mybatis.spring.mapper.ClassPathMapperScanner - Skipping MapperFactoryBean with name 'cartoonDao' and 'com.lpf.ecs_springboot.dao.CartoonDao' mapperInterface. Bean already defined with the same name!
2020-11-16 09:43:09.872 [main] WARN  org.mybatis.spring.mapper.ClassPathMapperScanner - Skipping MapperFactoryBean with name 'mysqlOperaterDao' and 'com.lpf.ecs_springboot.dao.MysqlOperaterDao' mapperInterface. Bean already defined with the same name!
2020-11-16 09:43:09.872 [main] WARN  org.mybatis.spring.mapper.ClassPathMapperScanner - Skipping MapperFactoryBean with name 'noteDao' and 'com.lpf.ecs_springboot.dao.NoteDao' mapperInterface. Bean already defined with the same name!
2020-11-16 09:43:09.873 [main] WARN  org.mybatis.spring.mapper.ClassPathMapperScanner - Skipping MapperFactoryBean with name 'novelDao' and 'com.lpf.ecs_springboot.dao.NovelDao' mapperInterface. Bean already defined with the same name!
2020-11-16 09:43:09.874 [main] WARN  org.mybatis.spring.mapper.ClassPathMapperScanner - Skipping MapperFactoryBean with name 'touziDao' and 'com.lpf.ecs_springboot.dao.TouziDao' mapperInterface. Bean already defined with the same name!
2020-11-16 09:43:09.875 [main] WARN  org.mybatis.spring.mapper.ClassPathMapperScanner - Skipping MapperFactoryBean with name 'userDao' and 'com.lpf.ecs_springboot.dao.UserDao' mapperInterface. Bean already defined with the same name!
2020-11-16 09:43:09.875 [main] WARN  org.mybatis.spring.mapper.ClassPathMapperScanner - Skipping MapperFactoryBean with name 'userInfoDao' and 'com.lpf.ecs_springboot.dao.UserInfoDao' mapperInterface. Bean already defined with the same name!
2020-11-16 09:43:09.876 [main] WARN  org.mybatis.spring.mapper.ClassPathMapperScanner - No MyBatis mapper was found in '[com.lpf.ecs_springboot]' package. Please check your configuration.
2020-11-16 16:51:40.806 [http-nio-80-exec-10] WARN  com.zaxxer.hikari.pool.PoolBase - HikariPool-2 - Failed to validate connection com.mysql.cj.jdbc.ConnectionImpl@73ca7c5d (No operations allowed after connection closed.). Possibly consider using a shorter maxLifetime value.
2020-11-16 16:51:45.810 [http-nio-80-exec-10] WARN  com.zaxxer.hikari.pool.PoolBase - HikariPool-2 - Failed to validate connection com.mysql.cj.jdbc.ConnectionImpl@7c657381 (No operations allowed after connection closed.). Possibly consider using a shorter maxLifetime value.
2020-11-16 16:51:50.812 [http-nio-80-exec-10] WARN  com.zaxxer.hikari.pool.PoolBase - HikariPool-2 - Failed to validate connection com.mysql.cj.jdbc.ConnectionImpl@6e5b4d38 (No operations allowed after connection closed.). Possibly consider using a shorter maxLifetime value.
2020-11-16 16:51:55.814 [http-nio-80-exec-10] WARN  com.zaxxer.hikari.pool.PoolBase - HikariPool-2 - Failed to validate connection com.mysql.cj.jdbc.ConnectionImpl@4ed3fc3a (No operations allowed after connection closed.). Possibly consider using a shorter maxLifetime value.
2020-11-16 16:52:00.818 [http-nio-80-exec-10] WARN  com.zaxxer.hikari.pool.PoolBase - HikariPool-2 - Failed to validate connection com.mysql.cj.jdbc.ConnectionImpl@75996a27 (No operations allowed after connection closed.). Possibly consider using a shorter maxLifetime value.
2020-11-16 16:52:05.821 [http-nio-80-exec-10] WARN  com.zaxxer.hikari.pool.PoolBase - HikariPool-2 - Failed to validate connection com.mysql.cj.jdbc.ConnectionImpl@107cdd14 (No operations allowed after connection closed.). Possibly consider using a shorter maxLifetime value.
