2021-01-28 10:53:29.610 [main] WARN  org.mybatis.spring.mapper.ClassPathMapperScanner - Skipping MapperFactoryBean with name 'cartoonDao' and 'com.lpf.ecs_springboot.dao.CartoonDao' mapperInterface. Bean already defined with the same name!
2021-01-28 10:53:29.612 [main] WARN  org.mybatis.spring.mapper.ClassPathMapperScanner - Skipping MapperFactoryBean with name 'mysqlOperaterDao' and 'com.lpf.ecs_springboot.dao.MysqlOperaterDao' mapperInterface. Bean already defined with the same name!
2021-01-28 10:53:29.613 [main] WARN  org.mybatis.spring.mapper.ClassPathMapperScanner - Skipping MapperFactoryBean with name 'noteDao' and 'com.lpf.ecs_springboot.dao.NoteDao' mapperInterface. Bean already defined with the same name!
2021-01-28 10:53:29.615 [main] WARN  org.mybatis.spring.mapper.ClassPathMapperScanner - Skipping MapperFactoryBean with name 'novelDao' and 'com.lpf.ecs_springboot.dao.NovelDao' mapperInterface. Bean already defined with the same name!
2021-01-28 10:53:29.615 [main] WARN  org.mybatis.spring.mapper.ClassPathMapperScanner - Skipping MapperFactoryBean with name 'touziDao' and 'com.lpf.ecs_springboot.dao.TouziDao' mapperInterface. Bean already defined with the same name!
2021-01-28 10:53:29.615 [main] WARN  org.mybatis.spring.mapper.ClassPathMapperScanner - Skipping MapperFactoryBean with name 'userDao' and 'com.lpf.ecs_springboot.dao.UserDao' mapperInterface. Bean already defined with the same name!
2021-01-28 10:53:29.616 [main] WARN  org.mybatis.spring.mapper.ClassPathMapperScanner - Skipping MapperFactoryBean with name 'userInfoDao' and 'com.lpf.ecs_springboot.dao.UserInfoDao' mapperInterface. Bean already defined with the same name!
2021-01-28 10:53:29.616 [main] WARN  org.mybatis.spring.mapper.ClassPathMapperScanner - No MyBatis mapper was found in '[com.lpf.ecs_springboot]' package. Please check your configuration.
2021-01-28 10:56:33.683 [main] WARN  org.mybatis.spring.mapper.ClassPathMapperScanner - Skipping MapperFactoryBean with name 'cartoonDao' and 'com.lpf.ecs_springboot.dao.CartoonDao' mapperInterface. Bean already defined with the same name!
2021-01-28 10:56:33.683 [main] WARN  org.mybatis.spring.mapper.ClassPathMapperScanner - Skipping MapperFactoryBean with name 'mysqlOperaterDao' and 'com.lpf.ecs_springboot.dao.MysqlOperaterDao' mapperInterface. Bean already defined with the same name!
2021-01-28 10:56:33.684 [main] WARN  org.mybatis.spring.mapper.ClassPathMapperScanner - Skipping MapperFactoryBean with name 'noteDao' and 'com.lpf.ecs_springboot.dao.NoteDao' mapperInterface. Bean already defined with the same name!
2021-01-28 10:56:33.684 [main] WARN  org.mybatis.spring.mapper.ClassPathMapperScanner - Skipping MapperFactoryBean with name 'novelDao' and 'com.lpf.ecs_springboot.dao.NovelDao' mapperInterface. Bean already defined with the same name!
2021-01-28 10:56:33.684 [main] WARN  org.mybatis.spring.mapper.ClassPathMapperScanner - Skipping MapperFactoryBean with name 'touziDao' and 'com.lpf.ecs_springboot.dao.TouziDao' mapperInterface. Bean already defined with the same name!
2021-01-28 10:56:33.684 [main] WARN  org.mybatis.spring.mapper.ClassPathMapperScanner - Skipping MapperFactoryBean with name 'userDao' and 'com.lpf.ecs_springboot.dao.UserDao' mapperInterface. Bean already defined with the same name!
2021-01-28 10:56:33.685 [main] WARN  org.mybatis.spring.mapper.ClassPathMapperScanner - Skipping MapperFactoryBean with name 'userInfoDao' and 'com.lpf.ecs_springboot.dao.UserInfoDao' mapperInterface. Bean already defined with the same name!
2021-01-28 10:56:33.685 [main] WARN  org.mybatis.spring.mapper.ClassPathMapperScanner - No MyBatis mapper was found in '[com.lpf.ecs_springboot]' package. Please check your configuration.
2021-01-28 10:58:43.182 [main] WARN  org.mybatis.spring.mapper.ClassPathMapperScanner - Skipping MapperFactoryBean with name 'cartoonDao' and 'com.lpf.ecs_springboot.dao.CartoonDao' mapperInterface. Bean already defined with the same name!
2021-01-28 10:58:43.183 [main] WARN  org.mybatis.spring.mapper.ClassPathMapperScanner - Skipping MapperFactoryBean with name 'mysqlOperaterDao' and 'com.lpf.ecs_springboot.dao.MysqlOperaterDao' mapperInterface. Bean already defined with the same name!
2021-01-28 10:58:43.183 [main] WARN  org.mybatis.spring.mapper.ClassPathMapperScanner - Skipping MapperFactoryBean with name 'noteDao' and 'com.lpf.ecs_springboot.dao.NoteDao' mapperInterface. Bean already defined with the same name!
2021-01-28 10:58:43.183 [main] WARN  org.mybatis.spring.mapper.ClassPathMapperScanner - Skipping MapperFactoryBean with name 'novelDao' and 'com.lpf.ecs_springboot.dao.NovelDao' mapperInterface. Bean already defined with the same name!
2021-01-28 10:58:43.184 [main] WARN  org.mybatis.spring.mapper.ClassPathMapperScanner - Skipping MapperFactoryBean with name 'touziDao' and 'com.lpf.ecs_springboot.dao.TouziDao' mapperInterface. Bean already defined with the same name!
2021-01-28 10:58:43.184 [main] WARN  org.mybatis.spring.mapper.ClassPathMapperScanner - Skipping MapperFactoryBean with name 'userDao' and 'com.lpf.ecs_springboot.dao.UserDao' mapperInterface. Bean already defined with the same name!
2021-01-28 10:58:43.184 [main] WARN  org.mybatis.spring.mapper.ClassPathMapperScanner - Skipping MapperFactoryBean with name 'userInfoDao' and 'com.lpf.ecs_springboot.dao.UserInfoDao' mapperInterface. Bean already defined with the same name!
2021-01-28 10:58:43.189 [main] WARN  org.mybatis.spring.mapper.ClassPathMapperScanner - No MyBatis mapper was found in '[com.lpf.ecs_springboot]' package. Please check your configuration.
2021-01-28 10:59:43.509 [main] WARN  org.mybatis.spring.mapper.ClassPathMapperScanner - Skipping MapperFactoryBean with name 'cartoonDao' and 'com.lpf.ecs_springboot.dao.CartoonDao' mapperInterface. Bean already defined with the same name!
2021-01-28 10:59:43.510 [main] WARN  org.mybatis.spring.mapper.ClassPathMapperScanner - Skipping MapperFactoryBean with name 'mysqlOperaterDao' and 'com.lpf.ecs_springboot.dao.MysqlOperaterDao' mapperInterface. Bean already defined with the same name!
2021-01-28 10:59:43.511 [main] WARN  org.mybatis.spring.mapper.ClassPathMapperScanner - Skipping MapperFactoryBean with name 'noteDao' and 'com.lpf.ecs_springboot.dao.NoteDao' mapperInterface. Bean already defined with the same name!
2021-01-28 10:59:43.511 [main] WARN  org.mybatis.spring.mapper.ClassPathMapperScanner - Skipping MapperFactoryBean with name 'novelDao' and 'com.lpf.ecs_springboot.dao.NovelDao' mapperInterface. Bean already defined with the same name!
2021-01-28 10:59:43.511 [main] WARN  org.mybatis.spring.mapper.ClassPathMapperScanner - Skipping MapperFactoryBean with name 'touziDao' and 'com.lpf.ecs_springboot.dao.TouziDao' mapperInterface. Bean already defined with the same name!
2021-01-28 10:59:43.512 [main] WARN  org.mybatis.spring.mapper.ClassPathMapperScanner - Skipping MapperFactoryBean with name 'userDao' and 'com.lpf.ecs_springboot.dao.UserDao' mapperInterface. Bean already defined with the same name!
2021-01-28 10:59:43.512 [main] WARN  org.mybatis.spring.mapper.ClassPathMapperScanner - Skipping MapperFactoryBean with name 'userInfoDao' and 'com.lpf.ecs_springboot.dao.UserInfoDao' mapperInterface. Bean already defined with the same name!
2021-01-28 10:59:43.513 [main] WARN  org.mybatis.spring.mapper.ClassPathMapperScanner - No MyBatis mapper was found in '[com.lpf.ecs_springboot]' package. Please check your configuration.
2021-01-28 11:02:17.997 [main] WARN  org.mybatis.spring.mapper.ClassPathMapperScanner - Skipping MapperFactoryBean with name 'cartoonDao' and 'com.lpf.ecs_springboot.dao.CartoonDao' mapperInterface. Bean already defined with the same name!
2021-01-28 11:02:17.998 [main] WARN  org.mybatis.spring.mapper.ClassPathMapperScanner - Skipping MapperFactoryBean with name 'mysqlOperaterDao' and 'com.lpf.ecs_springboot.dao.MysqlOperaterDao' mapperInterface. Bean already defined with the same name!
2021-01-28 11:02:17.998 [main] WARN  org.mybatis.spring.mapper.ClassPathMapperScanner - Skipping MapperFactoryBean with name 'noteDao' and 'com.lpf.ecs_springboot.dao.NoteDao' mapperInterface. Bean already defined with the same name!
2021-01-28 11:02:17.999 [main] WARN  org.mybatis.spring.mapper.ClassPathMapperScanner - Skipping MapperFactoryBean with name 'novelDao' and 'com.lpf.ecs_springboot.dao.NovelDao' mapperInterface. Bean already defined with the same name!
2021-01-28 11:02:17.999 [main] WARN  org.mybatis.spring.mapper.ClassPathMapperScanner - Skipping MapperFactoryBean with name 'touziDao' and 'com.lpf.ecs_springboot.dao.TouziDao' mapperInterface. Bean already defined with the same name!
2021-01-28 11:02:17.999 [main] WARN  org.mybatis.spring.mapper.ClassPathMapperScanner - Skipping MapperFactoryBean with name 'userDao' and 'com.lpf.ecs_springboot.dao.UserDao' mapperInterface. Bean already defined with the same name!
2021-01-28 11:02:17.999 [main] WARN  org.mybatis.spring.mapper.ClassPathMapperScanner - Skipping MapperFactoryBean with name 'userInfoDao' and 'com.lpf.ecs_springboot.dao.UserInfoDao' mapperInterface. Bean already defined with the same name!
2021-01-28 11:02:18.000 [main] WARN  org.mybatis.spring.mapper.ClassPathMapperScanner - No MyBatis mapper was found in '[com.lpf.ecs_springboot]' package. Please check your configuration.
2021-01-28 11:08:25.534 [main] WARN  org.mybatis.spring.mapper.ClassPathMapperScanner - Skipping MapperFactoryBean with name 'cartoonDao' and 'com.lpf.ecs_springboot.dao.CartoonDao' mapperInterface. Bean already defined with the same name!
2021-01-28 11:08:25.535 [main] WARN  org.mybatis.spring.mapper.ClassPathMapperScanner - Skipping MapperFactoryBean with name 'mysqlOperaterDao' and 'com.lpf.ecs_springboot.dao.MysqlOperaterDao' mapperInterface. Bean already defined with the same name!
2021-01-28 11:08:25.537 [main] WARN  org.mybatis.spring.mapper.ClassPathMapperScanner - Skipping MapperFactoryBean with name 'noteDao' and 'com.lpf.ecs_springboot.dao.NoteDao' mapperInterface. Bean already defined with the same name!
2021-01-28 11:08:25.537 [main] WARN  org.mybatis.spring.mapper.ClassPathMapperScanner - Skipping MapperFactoryBean with name 'novelDao' and 'com.lpf.ecs_springboot.dao.NovelDao' mapperInterface. Bean already defined with the same name!
2021-01-28 11:08:25.537 [main] WARN  org.mybatis.spring.mapper.ClassPathMapperScanner - Skipping MapperFactoryBean with name 'touziDao' and 'com.lpf.ecs_springboot.dao.TouziDao' mapperInterface. Bean already defined with the same name!
2021-01-28 11:08:25.538 [main] WARN  org.mybatis.spring.mapper.ClassPathMapperScanner - Skipping MapperFactoryBean with name 'userDao' and 'com.lpf.ecs_springboot.dao.UserDao' mapperInterface. Bean already defined with the same name!
2021-01-28 11:08:25.538 [main] WARN  org.mybatis.spring.mapper.ClassPathMapperScanner - Skipping MapperFactoryBean with name 'userInfoDao' and 'com.lpf.ecs_springboot.dao.UserInfoDao' mapperInterface. Bean already defined with the same name!
2021-01-28 11:08:25.539 [main] WARN  org.mybatis.spring.mapper.ClassPathMapperScanner - No MyBatis mapper was found in '[com.lpf.ecs_springboot]' package. Please check your configuration.
2021-01-28 11:10:36.364 [main] WARN  org.mybatis.spring.mapper.ClassPathMapperScanner - Skipping MapperFactoryBean with name 'cartoonDao' and 'com.lpf.ecs_springboot.dao.CartoonDao' mapperInterface. Bean already defined with the same name!
2021-01-28 11:10:36.364 [main] WARN  org.mybatis.spring.mapper.ClassPathMapperScanner - Skipping MapperFactoryBean with name 'mysqlOperaterDao' and 'com.lpf.ecs_springboot.dao.MysqlOperaterDao' mapperInterface. Bean already defined with the same name!
2021-01-28 11:10:36.364 [main] WARN  org.mybatis.spring.mapper.ClassPathMapperScanner - Skipping MapperFactoryBean with name 'noteDao' and 'com.lpf.ecs_springboot.dao.NoteDao' mapperInterface. Bean already defined with the same name!
2021-01-28 11:10:36.365 [main] WARN  org.mybatis.spring.mapper.ClassPathMapperScanner - Skipping MapperFactoryBean with name 'novelDao' and 'com.lpf.ecs_springboot.dao.NovelDao' mapperInterface. Bean already defined with the same name!
2021-01-28 11:10:36.365 [main] WARN  org.mybatis.spring.mapper.ClassPathMapperScanner - Skipping MapperFactoryBean with name 'touziDao' and 'com.lpf.ecs_springboot.dao.TouziDao' mapperInterface. Bean already defined with the same name!
2021-01-28 11:10:36.365 [main] WARN  org.mybatis.spring.mapper.ClassPathMapperScanner - Skipping MapperFactoryBean with name 'userDao' and 'com.lpf.ecs_springboot.dao.UserDao' mapperInterface. Bean already defined with the same name!
2021-01-28 11:10:36.365 [main] WARN  org.mybatis.spring.mapper.ClassPathMapperScanner - Skipping MapperFactoryBean with name 'userInfoDao' and 'com.lpf.ecs_springboot.dao.UserInfoDao' mapperInterface. Bean already defined with the same name!
2021-01-28 11:10:36.366 [main] WARN  org.mybatis.spring.mapper.ClassPathMapperScanner - No MyBatis mapper was found in '[com.lpf.ecs_springboot]' package. Please check your configuration.
2021-01-28 11:11:09.318 [main] WARN  org.mybatis.spring.mapper.ClassPathMapperScanner - Skipping MapperFactoryBean with name 'cartoonDao' and 'com.lpf.ecs_springboot.dao.CartoonDao' mapperInterface. Bean already defined with the same name!
2021-01-28 11:11:09.319 [main] WARN  org.mybatis.spring.mapper.ClassPathMapperScanner - Skipping MapperFactoryBean with name 'mysqlOperaterDao' and 'com.lpf.ecs_springboot.dao.MysqlOperaterDao' mapperInterface. Bean already defined with the same name!
2021-01-28 11:11:09.319 [main] WARN  org.mybatis.spring.mapper.ClassPathMapperScanner - Skipping MapperFactoryBean with name 'noteDao' and 'com.lpf.ecs_springboot.dao.NoteDao' mapperInterface. Bean already defined with the same name!
2021-01-28 11:11:09.319 [main] WARN  org.mybatis.spring.mapper.ClassPathMapperScanner - Skipping MapperFactoryBean with name 'novelDao' and 'com.lpf.ecs_springboot.dao.NovelDao' mapperInterface. Bean already defined with the same name!
2021-01-28 11:11:09.319 [main] WARN  org.mybatis.spring.mapper.ClassPathMapperScanner - Skipping MapperFactoryBean with name 'touziDao' and 'com.lpf.ecs_springboot.dao.TouziDao' mapperInterface. Bean already defined with the same name!
2021-01-28 11:11:09.319 [main] WARN  org.mybatis.spring.mapper.ClassPathMapperScanner - Skipping MapperFactoryBean with name 'userDao' and 'com.lpf.ecs_springboot.dao.UserDao' mapperInterface. Bean already defined with the same name!
2021-01-28 11:11:09.319 [main] WARN  org.mybatis.spring.mapper.ClassPathMapperScanner - Skipping MapperFactoryBean with name 'userInfoDao' and 'com.lpf.ecs_springboot.dao.UserInfoDao' mapperInterface. Bean already defined with the same name!
2021-01-28 11:11:09.320 [main] WARN  org.mybatis.spring.mapper.ClassPathMapperScanner - No MyBatis mapper was found in '[com.lpf.ecs_springboot]' package. Please check your configuration.
2021-01-28 11:11:50.703 [main] WARN  org.mybatis.spring.mapper.ClassPathMapperScanner - Skipping MapperFactoryBean with name 'cartoonDao' and 'com.lpf.ecs_springboot.dao.CartoonDao' mapperInterface. Bean already defined with the same name!
2021-01-28 11:11:50.704 [main] WARN  org.mybatis.spring.mapper.ClassPathMapperScanner - Skipping MapperFactoryBean with name 'mysqlOperaterDao' and 'com.lpf.ecs_springboot.dao.MysqlOperaterDao' mapperInterface. Bean already defined with the same name!
2021-01-28 11:11:50.705 [main] WARN  org.mybatis.spring.mapper.ClassPathMapperScanner - Skipping MapperFactoryBean with name 'noteDao' and 'com.lpf.ecs_springboot.dao.NoteDao' mapperInterface. Bean already defined with the same name!
2021-01-28 11:11:50.705 [main] WARN  org.mybatis.spring.mapper.ClassPathMapperScanner - Skipping MapperFactoryBean with name 'novelDao' and 'com.lpf.ecs_springboot.dao.NovelDao' mapperInterface. Bean already defined with the same name!
2021-01-28 11:11:50.706 [main] WARN  org.mybatis.spring.mapper.ClassPathMapperScanner - Skipping MapperFactoryBean with name 'touziDao' and 'com.lpf.ecs_springboot.dao.TouziDao' mapperInterface. Bean already defined with the same name!
2021-01-28 11:11:50.706 [main] WARN  org.mybatis.spring.mapper.ClassPathMapperScanner - Skipping MapperFactoryBean with name 'userDao' and 'com.lpf.ecs_springboot.dao.UserDao' mapperInterface. Bean already defined with the same name!
2021-01-28 11:11:50.706 [main] WARN  org.mybatis.spring.mapper.ClassPathMapperScanner - Skipping MapperFactoryBean with name 'userInfoDao' and 'com.lpf.ecs_springboot.dao.UserInfoDao' mapperInterface. Bean already defined with the same name!
2021-01-28 11:11:50.707 [main] WARN  org.mybatis.spring.mapper.ClassPathMapperScanner - No MyBatis mapper was found in '[com.lpf.ecs_springboot]' package. Please check your configuration.
2021-01-28 11:20:19.713 [restartedMain] WARN  org.mybatis.spring.mapper.ClassPathMapperScanner - Skipping MapperFactoryBean with name 'cartoonDao' and 'com.lpf.ecs_springboot.dao.CartoonDao' mapperInterface. Bean already defined with the same name!
2021-01-28 11:20:19.713 [restartedMain] WARN  org.mybatis.spring.mapper.ClassPathMapperScanner - Skipping MapperFactoryBean with name 'mysqlOperaterDao' and 'com.lpf.ecs_springboot.dao.MysqlOperaterDao' mapperInterface. Bean already defined with the same name!
2021-01-28 11:20:19.713 [restartedMain] WARN  org.mybatis.spring.mapper.ClassPathMapperScanner - Skipping MapperFactoryBean with name 'noteDao' and 'com.lpf.ecs_springboot.dao.NoteDao' mapperInterface. Bean already defined with the same name!
2021-01-28 11:20:19.713 [restartedMain] WARN  org.mybatis.spring.mapper.ClassPathMapperScanner - Skipping MapperFactoryBean with name 'novelDao' and 'com.lpf.ecs_springboot.dao.NovelDao' mapperInterface. Bean already defined with the same name!
2021-01-28 11:20:19.713 [restartedMain] WARN  org.mybatis.spring.mapper.ClassPathMapperScanner - Skipping MapperFactoryBean with name 'touziDao' and 'com.lpf.ecs_springboot.dao.TouziDao' mapperInterface. Bean already defined with the same name!
2021-01-28 11:20:19.713 [restartedMain] WARN  org.mybatis.spring.mapper.ClassPathMapperScanner - Skipping MapperFactoryBean with name 'userDao' and 'com.lpf.ecs_springboot.dao.UserDao' mapperInterface. Bean already defined with the same name!
2021-01-28 11:20:19.713 [restartedMain] WARN  org.mybatis.spring.mapper.ClassPathMapperScanner - Skipping MapperFactoryBean with name 'userInfoDao' and 'com.lpf.ecs_springboot.dao.UserInfoDao' mapperInterface. Bean already defined with the same name!
2021-01-28 11:20:19.714 [restartedMain] WARN  org.mybatis.spring.mapper.ClassPathMapperScanner - No MyBatis mapper was found in '[com.lpf.ecs_springboot]' package. Please check your configuration.
2021-01-28 11:26:26.197 [http-nio-80-exec-1] WARN  com.zaxxer.hikari.pool.PoolBase - HikariPool-1 - Failed to validate connection com.mysql.cj.jdbc.ConnectionImpl@5301809b (No operations allowed after connection closed.). Possibly consider using a shorter maxLifetime value.
2021-01-28 11:35:22.680 [restartedMain] WARN  org.mybatis.spring.mapper.ClassPathMapperScanner - Skipping MapperFactoryBean with name 'cartoonDao' and 'com.lpf.ecs_springboot.dao.CartoonDao' mapperInterface. Bean already defined with the same name!
2021-01-28 11:35:22.681 [restartedMain] WARN  org.mybatis.spring.mapper.ClassPathMapperScanner - Skipping MapperFactoryBean with name 'mysqlOperaterDao' and 'com.lpf.ecs_springboot.dao.MysqlOperaterDao' mapperInterface. Bean already defined with the same name!
2021-01-28 11:35:22.681 [restartedMain] WARN  org.mybatis.spring.mapper.ClassPathMapperScanner - Skipping MapperFactoryBean with name 'noteDao' and 'com.lpf.ecs_springboot.dao.NoteDao' mapperInterface. Bean already defined with the same name!
2021-01-28 11:35:22.681 [restartedMain] WARN  org.mybatis.spring.mapper.ClassPathMapperScanner - Skipping MapperFactoryBean with name 'novelDao' and 'com.lpf.ecs_springboot.dao.NovelDao' mapperInterface. Bean already defined with the same name!
2021-01-28 11:35:22.681 [restartedMain] WARN  org.mybatis.spring.mapper.ClassPathMapperScanner - Skipping MapperFactoryBean with name 'touziDao' and 'com.lpf.ecs_springboot.dao.TouziDao' mapperInterface. Bean already defined with the same name!
2021-01-28 11:35:22.681 [restartedMain] WARN  org.mybatis.spring.mapper.ClassPathMapperScanner - Skipping MapperFactoryBean with name 'userDao' and 'com.lpf.ecs_springboot.dao.UserDao' mapperInterface. Bean already defined with the same name!
2021-01-28 11:35:22.681 [restartedMain] WARN  org.mybatis.spring.mapper.ClassPathMapperScanner - Skipping MapperFactoryBean with name 'userInfoDao' and 'com.lpf.ecs_springboot.dao.UserInfoDao' mapperInterface. Bean already defined with the same name!
2021-01-28 11:35:22.681 [restartedMain] WARN  org.mybatis.spring.mapper.ClassPathMapperScanner - No MyBatis mapper was found in '[com.lpf.ecs_springboot]' package. Please check your configuration.
2021-01-28 11:36:05.138 [restartedMain] WARN  org.mybatis.spring.mapper.ClassPathMapperScanner - Skipping MapperFactoryBean with name 'cartoonDao' and 'com.lpf.ecs_springboot.dao.CartoonDao' mapperInterface. Bean already defined with the same name!
2021-01-28 11:36:05.139 [restartedMain] WARN  org.mybatis.spring.mapper.ClassPathMapperScanner - Skipping MapperFactoryBean with name 'mysqlOperaterDao' and 'com.lpf.ecs_springboot.dao.MysqlOperaterDao' mapperInterface. Bean already defined with the same name!
2021-01-28 11:36:05.140 [restartedMain] WARN  org.mybatis.spring.mapper.ClassPathMapperScanner - Skipping MapperFactoryBean with name 'noteDao' and 'com.lpf.ecs_springboot.dao.NoteDao' mapperInterface. Bean already defined with the same name!
2021-01-28 11:36:05.141 [restartedMain] WARN  org.mybatis.spring.mapper.ClassPathMapperScanner - Skipping MapperFactoryBean with name 'novelDao' and 'com.lpf.ecs_springboot.dao.NovelDao' mapperInterface. Bean already defined with the same name!
2021-01-28 11:36:05.143 [restartedMain] WARN  org.mybatis.spring.mapper.ClassPathMapperScanner - Skipping MapperFactoryBean with name 'touziDao' and 'com.lpf.ecs_springboot.dao.TouziDao' mapperInterface. Bean already defined with the same name!
2021-01-28 11:36:05.143 [restartedMain] WARN  org.mybatis.spring.mapper.ClassPathMapperScanner - Skipping MapperFactoryBean with name 'userDao' and 'com.lpf.ecs_springboot.dao.UserDao' mapperInterface. Bean already defined with the same name!
2021-01-28 11:36:05.143 [restartedMain] WARN  org.mybatis.spring.mapper.ClassPathMapperScanner - Skipping MapperFactoryBean with name 'userInfoDao' and 'com.lpf.ecs_springboot.dao.UserInfoDao' mapperInterface. Bean already defined with the same name!
2021-01-28 11:36:05.144 [restartedMain] WARN  org.mybatis.spring.mapper.ClassPathMapperScanner - No MyBatis mapper was found in '[com.lpf.ecs_springboot]' package. Please check your configuration.
2021-01-28 11:39:19.875 [http-nio-80-exec-10] WARN  com.zaxxer.hikari.pool.PoolBase - HikariPool-1 - Failed to validate connection com.mysql.cj.jdbc.ConnectionImpl@4d12a5e3 (No operations allowed after connection closed.). Possibly consider using a shorter maxLifetime value.
2021-01-28 11:53:23.229 [http-nio-80-exec-4] WARN  com.zaxxer.hikari.pool.PoolBase - HikariPool-1 - Failed to validate connection com.mysql.cj.jdbc.ConnectionImpl@26316fea (No operations allowed after connection closed.). Possibly consider using a shorter maxLifetime value.
2021-01-28 11:53:23.294 [http-nio-80-exec-6] WARN  com.zaxxer.hikari.pool.PoolBase - HikariPool-1 - Failed to validate connection com.mysql.cj.jdbc.ConnectionImpl@667f15e4 (No operations allowed after connection closed.). Possibly consider using a shorter maxLifetime value.
2021-01-28 11:53:28.232 [http-nio-80-exec-4] WARN  com.zaxxer.hikari.pool.PoolBase - HikariPool-1 - Failed to validate connection com.mysql.cj.jdbc.ConnectionImpl@2cc9049a (No operations allowed after connection closed.). Possibly consider using a shorter maxLifetime value.
2021-01-28 11:53:28.296 [http-nio-80-exec-6] WARN  com.zaxxer.hikari.pool.PoolBase - HikariPool-1 - Failed to validate connection com.mysql.cj.jdbc.ConnectionImpl@237d974f (No operations allowed after connection closed.). Possibly consider using a shorter maxLifetime value.
2021-01-28 11:54:18.498 [restartedMain] WARN  org.mybatis.spring.mapper.ClassPathMapperScanner - Skipping MapperFactoryBean with name 'cartoonDao' and 'com.lpf.ecs_springboot.dao.CartoonDao' mapperInterface. Bean already defined with the same name!
2021-01-28 11:54:18.499 [restartedMain] WARN  org.mybatis.spring.mapper.ClassPathMapperScanner - Skipping MapperFactoryBean with name 'mysqlOperaterDao' and 'com.lpf.ecs_springboot.dao.MysqlOperaterDao' mapperInterface. Bean already defined with the same name!
2021-01-28 11:54:18.499 [restartedMain] WARN  org.mybatis.spring.mapper.ClassPathMapperScanner - Skipping MapperFactoryBean with name 'noteDao' and 'com.lpf.ecs_springboot.dao.NoteDao' mapperInterface. Bean already defined with the same name!
2021-01-28 11:54:18.499 [restartedMain] WARN  org.mybatis.spring.mapper.ClassPathMapperScanner - Skipping MapperFactoryBean with name 'novelDao' and 'com.lpf.ecs_springboot.dao.NovelDao' mapperInterface. Bean already defined with the same name!
2021-01-28 11:54:18.500 [restartedMain] WARN  org.mybatis.spring.mapper.ClassPathMapperScanner - Skipping MapperFactoryBean with name 'touziDao' and 'com.lpf.ecs_springboot.dao.TouziDao' mapperInterface. Bean already defined with the same name!
2021-01-28 11:54:18.500 [restartedMain] WARN  org.mybatis.spring.mapper.ClassPathMapperScanner - Skipping MapperFactoryBean with name 'userDao' and 'com.lpf.ecs_springboot.dao.UserDao' mapperInterface. Bean already defined with the same name!
2021-01-28 11:54:18.500 [restartedMain] WARN  org.mybatis.spring.mapper.ClassPathMapperScanner - Skipping MapperFactoryBean with name 'userInfoDao' and 'com.lpf.ecs_springboot.dao.UserInfoDao' mapperInterface. Bean already defined with the same name!
2021-01-28 11:54:18.501 [restartedMain] WARN  org.mybatis.spring.mapper.ClassPathMapperScanner - No MyBatis mapper was found in '[com.lpf.ecs_springboot]' package. Please check your configuration.
2021-01-28 14:32:17.459 [restartedMain] WARN  org.mybatis.spring.mapper.ClassPathMapperScanner - Skipping MapperFactoryBean with name 'cartoonDao' and 'com.lpf.ecs_springboot.dao.CartoonDao' mapperInterface. Bean already defined with the same name!
2021-01-28 14:32:17.460 [restartedMain] WARN  org.mybatis.spring.mapper.ClassPathMapperScanner - Skipping MapperFactoryBean with name 'mysqlOperaterDao' and 'com.lpf.ecs_springboot.dao.MysqlOperaterDao' mapperInterface. Bean already defined with the same name!
2021-01-28 14:32:17.461 [restartedMain] WARN  org.mybatis.spring.mapper.ClassPathMapperScanner - Skipping MapperFactoryBean with name 'noteDao' and 'com.lpf.ecs_springboot.dao.NoteDao' mapperInterface. Bean already defined with the same name!
2021-01-28 14:32:17.461 [restartedMain] WARN  org.mybatis.spring.mapper.ClassPathMapperScanner - Skipping MapperFactoryBean with name 'novelDao' and 'com.lpf.ecs_springboot.dao.NovelDao' mapperInterface. Bean already defined with the same name!
2021-01-28 14:32:17.461 [restartedMain] WARN  org.mybatis.spring.mapper.ClassPathMapperScanner - Skipping MapperFactoryBean with name 'touziDao' and 'com.lpf.ecs_springboot.dao.TouziDao' mapperInterface. Bean already defined with the same name!
2021-01-28 14:32:17.461 [restartedMain] WARN  org.mybatis.spring.mapper.ClassPathMapperScanner - Skipping MapperFactoryBean with name 'userDao' and 'com.lpf.ecs_springboot.dao.UserDao' mapperInterface. Bean already defined with the same name!
2021-01-28 14:32:17.461 [restartedMain] WARN  org.mybatis.spring.mapper.ClassPathMapperScanner - Skipping MapperFactoryBean with name 'userInfoDao' and 'com.lpf.ecs_springboot.dao.UserInfoDao' mapperInterface. Bean already defined with the same name!
2021-01-28 14:32:17.461 [restartedMain] WARN  org.mybatis.spring.mapper.ClassPathMapperScanner - No MyBatis mapper was found in '[com.lpf.ecs_springboot]' package. Please check your configuration.
2021-01-28 14:32:18.698 [restartedMain] WARN  o.s.b.w.s.c.AnnotationConfigServletWebServerApplicationContext - Exception encountered during context initialization - cancelling refresh attempt: org.springframework.beans.factory.BeanCreationException: Error creating bean with name 'userController' defined in file [E:\ecs_springboot\target\classes\com\lpf\ecs_springboot\controller\UserController.class]: Instantiation of bean failed; nested exception is java.lang.NoClassDefFoundError: com/lpf/ecs_springboot/controller/NovelController
2021-01-28 14:39:27.265 [restartedMain] WARN  org.mybatis.spring.mapper.ClassPathMapperScanner - Skipping MapperFactoryBean with name 'cartoonDao' and 'com.lpf.ecs_springboot.dao.CartoonDao' mapperInterface. Bean already defined with the same name!
2021-01-28 14:39:27.265 [restartedMain] WARN  org.mybatis.spring.mapper.ClassPathMapperScanner - Skipping MapperFactoryBean with name 'mysqlOperaterDao' and 'com.lpf.ecs_springboot.dao.MysqlOperaterDao' mapperInterface. Bean already defined with the same name!
2021-01-28 14:39:27.265 [restartedMain] WARN  org.mybatis.spring.mapper.ClassPathMapperScanner - Skipping MapperFactoryBean with name 'noteDao' and 'com.lpf.ecs_springboot.dao.NoteDao' mapperInterface. Bean already defined with the same name!
2021-01-28 14:39:27.265 [restartedMain] WARN  org.mybatis.spring.mapper.ClassPathMapperScanner - Skipping MapperFactoryBean with name 'novelDao' and 'com.lpf.ecs_springboot.dao.NovelDao' mapperInterface. Bean already defined with the same name!
2021-01-28 14:39:27.265 [restartedMain] WARN  org.mybatis.spring.mapper.ClassPathMapperScanner - Skipping MapperFactoryBean with name 'touziDao' and 'com.lpf.ecs_springboot.dao.TouziDao' mapperInterface. Bean already defined with the same name!
2021-01-28 14:39:27.265 [restartedMain] WARN  org.mybatis.spring.mapper.ClassPathMapperScanner - Skipping MapperFactoryBean with name 'userDao' and 'com.lpf.ecs_springboot.dao.UserDao' mapperInterface. Bean already defined with the same name!
2021-01-28 14:39:27.265 [restartedMain] WARN  org.mybatis.spring.mapper.ClassPathMapperScanner - Skipping MapperFactoryBean with name 'userInfoDao' and 'com.lpf.ecs_springboot.dao.UserInfoDao' mapperInterface. Bean already defined with the same name!
2021-01-28 14:39:27.266 [restartedMain] WARN  org.mybatis.spring.mapper.ClassPathMapperScanner - No MyBatis mapper was found in '[com.lpf.ecs_springboot]' package. Please check your configuration.
2021-01-28 14:53:50.494 [http-nio-80-exec-4] WARN  o.s.w.s.m.m.a.ExceptionHandlerExceptionResolver - Resolved [java.lang.ClassCastException: com.alibaba.fastjson.JSONArray cannot be cast to java.util.Map]
2021-01-28 14:54:44.247 [restartedMain] WARN  org.mybatis.spring.mapper.ClassPathMapperScanner - Skipping MapperFactoryBean with name 'cartoonDao' and 'com.lpf.ecs_springboot.dao.CartoonDao' mapperInterface. Bean already defined with the same name!
2021-01-28 14:54:44.248 [restartedMain] WARN  org.mybatis.spring.mapper.ClassPathMapperScanner - Skipping MapperFactoryBean with name 'mysqlOperaterDao' and 'com.lpf.ecs_springboot.dao.MysqlOperaterDao' mapperInterface. Bean already defined with the same name!
2021-01-28 14:54:44.249 [restartedMain] WARN  org.mybatis.spring.mapper.ClassPathMapperScanner - Skipping MapperFactoryBean with name 'noteDao' and 'com.lpf.ecs_springboot.dao.NoteDao' mapperInterface. Bean already defined with the same name!
2021-01-28 14:54:44.249 [restartedMain] WARN  org.mybatis.spring.mapper.ClassPathMapperScanner - Skipping MapperFactoryBean with name 'novelDao' and 'com.lpf.ecs_springboot.dao.NovelDao' mapperInterface. Bean already defined with the same name!
2021-01-28 14:54:44.249 [restartedMain] WARN  org.mybatis.spring.mapper.ClassPathMapperScanner - Skipping MapperFactoryBean with name 'touziDao' and 'com.lpf.ecs_springboot.dao.TouziDao' mapperInterface. Bean already defined with the same name!
2021-01-28 14:54:44.249 [restartedMain] WARN  org.mybatis.spring.mapper.ClassPathMapperScanner - Skipping MapperFactoryBean with name 'userDao' and 'com.lpf.ecs_springboot.dao.UserDao' mapperInterface. Bean already defined with the same name!
2021-01-28 14:54:44.249 [restartedMain] WARN  org.mybatis.spring.mapper.ClassPathMapperScanner - Skipping MapperFactoryBean with name 'userInfoDao' and 'com.lpf.ecs_springboot.dao.UserInfoDao' mapperInterface. Bean already defined with the same name!
2021-01-28 14:54:44.250 [restartedMain] WARN  org.mybatis.spring.mapper.ClassPathMapperScanner - No MyBatis mapper was found in '[com.lpf.ecs_springboot]' package. Please check your configuration.
2021-01-28 14:55:32.620 [http-nio-80-exec-9] WARN  o.s.w.s.m.m.a.ExceptionHandlerExceptionResolver - Resolved [com.alibaba.fastjson.JSONException: can not cast to JSONObject.]
2021-01-28 14:55:59.165 [restartedMain] WARN  org.mybatis.spring.mapper.ClassPathMapperScanner - Skipping MapperFactoryBean with name 'cartoonDao' and 'com.lpf.ecs_springboot.dao.CartoonDao' mapperInterface. Bean already defined with the same name!
2021-01-28 14:55:59.166 [restartedMain] WARN  org.mybatis.spring.mapper.ClassPathMapperScanner - Skipping MapperFactoryBean with name 'mysqlOperaterDao' and 'com.lpf.ecs_springboot.dao.MysqlOperaterDao' mapperInterface. Bean already defined with the same name!
2021-01-28 14:55:59.166 [restartedMain] WARN  org.mybatis.spring.mapper.ClassPathMapperScanner - Skipping MapperFactoryBean with name 'noteDao' and 'com.lpf.ecs_springboot.dao.NoteDao' mapperInterface. Bean already defined with the same name!
2021-01-28 14:55:59.166 [restartedMain] WARN  org.mybatis.spring.mapper.ClassPathMapperScanner - Skipping MapperFactoryBean with name 'novelDao' and 'com.lpf.ecs_springboot.dao.NovelDao' mapperInterface. Bean already defined with the same name!
2021-01-28 14:55:59.166 [restartedMain] WARN  org.mybatis.spring.mapper.ClassPathMapperScanner - Skipping MapperFactoryBean with name 'touziDao' and 'com.lpf.ecs_springboot.dao.TouziDao' mapperInterface. Bean already defined with the same name!
2021-01-28 14:55:59.166 [restartedMain] WARN  org.mybatis.spring.mapper.ClassPathMapperScanner - Skipping MapperFactoryBean with name 'userDao' and 'com.lpf.ecs_springboot.dao.UserDao' mapperInterface. Bean already defined with the same name!
2021-01-28 14:55:59.166 [restartedMain] WARN  org.mybatis.spring.mapper.ClassPathMapperScanner - Skipping MapperFactoryBean with name 'userInfoDao' and 'com.lpf.ecs_springboot.dao.UserInfoDao' mapperInterface. Bean already defined with the same name!
2021-01-28 14:55:59.167 [restartedMain] WARN  org.mybatis.spring.mapper.ClassPathMapperScanner - No MyBatis mapper was found in '[com.lpf.ecs_springboot]' package. Please check your configuration.
2021-01-28 14:56:26.990 [http-nio-80-exec-2] WARN  o.s.w.s.m.m.a.ExceptionHandlerExceptionResolver - Failure in @ExceptionHandler com.lpf.ecs_springboot.common.RRExceptionHandler#handleException(Exception)
org.apache.catalina.connector.ClientAbortException: java.io.IOException: 你的主机中的软件中止了一个已建立的连接。
	at org.apache.catalina.connector.OutputBuffer.doFlush(OutputBuffer.java:309)
	at org.apache.catalina.connector.OutputBuffer.flush(OutputBuffer.java:272)
	at org.apache.catalina.connector.CoyoteOutputStream.flush(CoyoteOutputStream.java:118)
	at com.fasterxml.jackson.core.json.UTF8JsonGenerator.flush(UTF8JsonGenerator.java:1176)
	at com.fasterxml.jackson.databind.ObjectWriter.writeValue(ObjectWriter.java:1008)
	at org.springframework.http.converter.json.AbstractJackson2HttpMessageConverter.writeInternal(AbstractJackson2HttpMessageConverter.java:342)
	at org.springframework.http.converter.AbstractGenericHttpMessageConverter.write(AbstractGenericHttpMessageConverter.java:104)
	at org.springframework.web.servlet.mvc.method.annotation.AbstractMessageConverterMethodProcessor.writeWithMessageConverters(AbstractMessageConverterMethodProcessor.java:277)
	at org.springframework.web.servlet.mvc.method.annotation.RequestResponseBodyMethodProcessor.handleReturnValue(RequestResponseBodyMethodProcessor.java:181)
	at org.springframework.web.method.support.HandlerMethodReturnValueHandlerComposite.handleReturnValue(HandlerMethodReturnValueHandlerComposite.java:82)
	at org.springframework.web.servlet.mvc.method.annotation.ServletInvocableHandlerMethod.invokeAndHandle(ServletInvocableHandlerMethod.java:123)
	at org.springframework.web.servlet.mvc.method.annotation.ExceptionHandlerExceptionResolver.doResolveHandlerMethodException(ExceptionHandlerExceptionResolver.java:403)
	at org.springframework.web.servlet.handler.AbstractHandlerMethodExceptionResolver.doResolveException(AbstractHandlerMethodExceptionResolver.java:61)
	at org.springframework.web.servlet.handler.AbstractHandlerExceptionResolver.resolveException(AbstractHandlerExceptionResolver.java:141)
	at org.springframework.web.servlet.handler.HandlerExceptionResolverComposite.resolveException(HandlerExceptionResolverComposite.java:80)
	at org.springframework.web.servlet.DispatcherServlet.processHandlerException(DispatcherServlet.java:1300)
	at org.springframework.web.servlet.DispatcherServlet.processDispatchResult(DispatcherServlet.java:1111)
	at org.springframework.web.servlet.DispatcherServlet.doDispatch(DispatcherServlet.java:1057)
	at org.springframework.web.servlet.DispatcherServlet.doService(DispatcherServlet.java:943)
	at org.springframework.web.servlet.FrameworkServlet.processRequest(FrameworkServlet.java:1006)
	at org.springframework.web.servlet.FrameworkServlet.doPost(FrameworkServlet.java:909)
	at javax.servlet.http.HttpServlet.service(HttpServlet.java:652)
	at org.springframework.web.servlet.FrameworkServlet.service(FrameworkServlet.java:883)
	at javax.servlet.http.HttpServlet.service(HttpServlet.java:733)
	at org.apache.catalina.core.ApplicationFilterChain.internalDoFilter(ApplicationFilterChain.java:231)
	at org.apache.catalina.core.ApplicationFilterChain.doFilter(ApplicationFilterChain.java:166)
	at org.apache.tomcat.websocket.server.WsFilter.doFilter(WsFilter.java:53)
	at org.apache.catalina.core.ApplicationFilterChain.internalDoFilter(ApplicationFilterChain.java:193)
	at org.apache.catalina.core.ApplicationFilterChain.doFilter(ApplicationFilterChain.java:166)
	at org.apache.shiro.web.servlet.ProxiedFilterChain.doFilter(ProxiedFilterChain.java:61)
	at org.apache.shiro.web.servlet.AdviceFilter.executeChain(AdviceFilter.java:108)
	at org.apache.shiro.web.servlet.AdviceFilter.doFilterInternal(AdviceFilter.java:137)
	at org.apache.shiro.web.servlet.OncePerRequestFilter.doFilter(OncePerRequestFilter.java:125)
	at org.apache.shiro.web.servlet.ProxiedFilterChain.doFilter(ProxiedFilterChain.java:66)
	at org.apache.shiro.web.servlet.AbstractShiroFilter.executeChain(AbstractShiroFilter.java:449)
	at org.apache.shiro.web.servlet.AbstractShiroFilter$1.call(AbstractShiroFilter.java:365)
	at org.apache.shiro.subject.support.SubjectCallable.doCall(SubjectCallable.java:90)
	at org.apache.shiro.subject.support.SubjectCallable.call(SubjectCallable.java:83)
	at org.apache.shiro.subject.support.DelegatingSubject.execute(DelegatingSubject.java:387)
	at org.apache.shiro.web.servlet.AbstractShiroFilter.doFilterInternal(AbstractShiroFilter.java:362)
	at org.apache.shiro.web.servlet.OncePerRequestFilter.doFilter(OncePerRequestFilter.java:125)
	at org.apache.catalina.core.ApplicationFilterChain.internalDoFilter(ApplicationFilterChain.java:193)
	at org.apache.catalina.core.ApplicationFilterChain.doFilter(ApplicationFilterChain.java:166)
	at org.springframework.web.filter.RequestContextFilter.doFilterInternal(RequestContextFilter.java:100)
	at org.springframework.web.filter.OncePerRequestFilter.doFilter(OncePerRequestFilter.java:119)
	at org.apache.catalina.core.ApplicationFilterChain.internalDoFilter(ApplicationFilterChain.java:193)
	at org.apache.catalina.core.ApplicationFilterChain.doFilter(ApplicationFilterChain.java:166)
	at org.springframework.web.filter.FormContentFilter.doFilterInternal(FormContentFilter.java:93)
	at org.springframework.web.filter.OncePerRequestFilter.doFilter(OncePerRequestFilter.java:119)
	at org.apache.catalina.core.ApplicationFilterChain.internalDoFilter(ApplicationFilterChain.java:193)
	at org.apache.catalina.core.ApplicationFilterChain.doFilter(ApplicationFilterChain.java:166)
	at org.springframework.web.filter.CharacterEncodingFilter.doFilterInternal(CharacterEncodingFilter.java:201)
	at org.springframework.web.filter.OncePerRequestFilter.doFilter(OncePerRequestFilter.java:119)
	at org.apache.catalina.core.ApplicationFilterChain.internalDoFilter(ApplicationFilterChain.java:193)
	at org.apache.catalina.core.ApplicationFilterChain.doFilter(ApplicationFilterChain.java:166)
	at org.apache.catalina.core.StandardWrapperValve.invoke(StandardWrapperValve.java:202)
	at org.apache.catalina.core.StandardContextValve.invoke(StandardContextValve.java:97)
	at org.apache.catalina.authenticator.AuthenticatorBase.invoke(AuthenticatorBase.java:542)
	at org.apache.catalina.core.StandardHostValve.invoke(StandardHostValve.java:143)
	at org.apache.catalina.valves.ErrorReportValve.invoke(ErrorReportValve.java:92)
	at org.apache.catalina.core.StandardEngineValve.invoke(StandardEngineValve.java:78)
	at org.apache.catalina.connector.CoyoteAdapter.service(CoyoteAdapter.java:343)
	at org.apache.coyote.http11.Http11Processor.service(Http11Processor.java:374)
	at org.apache.coyote.AbstractProcessorLight.process(AbstractProcessorLight.java:65)
	at org.apache.coyote.AbstractProtocol$ConnectionHandler.process(AbstractProtocol.java:868)
	at org.apache.tomcat.util.net.NioEndpoint$SocketProcessor.doRun(NioEndpoint.java:1590)
	at org.apache.tomcat.util.net.SocketProcessorBase.run(SocketProcessorBase.java:49)
	at java.util.concurrent.ThreadPoolExecutor.runWorker(ThreadPoolExecutor.java:1149)
	at java.util.concurrent.ThreadPoolExecutor$Worker.run(ThreadPoolExecutor.java:624)
	at org.apache.tomcat.util.threads.TaskThread$WrappingRunnable.run(TaskThread.java:61)
	at java.lang.Thread.run(Thread.java:748)
Caused by: java.io.IOException: 你的主机中的软件中止了一个已建立的连接。
	at sun.nio.ch.SocketDispatcher.write0(Native Method)
	at sun.nio.ch.SocketDispatcher.write(SocketDispatcher.java:51)
	at sun.nio.ch.IOUtil.writeFromNativeBuffer(IOUtil.java:93)
	at sun.nio.ch.IOUtil.write(IOUtil.java:65)
	at sun.nio.ch.SocketChannelImpl.write(SocketChannelImpl.java:471)
	at org.apache.tomcat.util.net.NioChannel.write(NioChannel.java:138)
	at org.apache.tomcat.util.net.NioBlockingSelector.write(NioBlockingSelector.java:101)
	at org.apache.tomcat.util.net.NioSelectorPool.write(NioSelectorPool.java:152)
	at org.apache.tomcat.util.net.NioEndpoint$NioSocketWrapper.doWrite(NioEndpoint.java:1253)
	at org.apache.tomcat.util.net.SocketWrapperBase.doWrite(SocketWrapperBase.java:764)
	at org.apache.tomcat.util.net.SocketWrapperBase.flushBlocking(SocketWrapperBase.java:717)
	at org.apache.tomcat.util.net.SocketWrapperBase.flush(SocketWrapperBase.java:707)
	at org.apache.coyote.http11.Http11OutputBuffer$SocketOutputBuffer.flush(Http11OutputBuffer.java:572)
	at org.apache.coyote.http11.filters.ChunkedOutputFilter.flush(ChunkedOutputFilter.java:157)
	at org.apache.coyote.http11.Http11OutputBuffer.flush(Http11OutputBuffer.java:220)
	at org.apache.coyote.http11.Http11Processor.flush(Http11Processor.java:1195)
	at org.apache.coyote.AbstractProcessor.action(AbstractProcessor.java:399)
	at org.apache.coyote.Response.action(Response.java:209)
	at org.apache.catalina.connector.OutputBuffer.doFlush(OutputBuffer.java:305)
	... 70 common frames omitted
2021-01-28 14:56:37.509 [http-nio-80-exec-9] WARN  o.s.w.s.m.m.a.ExceptionHandlerExceptionResolver - Resolved [com.alibaba.fastjson.JSONException: can not cast to JSONObject.]
2021-01-28 14:58:04.838 [restartedMain] WARN  org.mybatis.spring.mapper.ClassPathMapperScanner - Skipping MapperFactoryBean with name 'cartoonDao' and 'com.lpf.ecs_springboot.dao.CartoonDao' mapperInterface. Bean already defined with the same name!
2021-01-28 14:58:04.838 [restartedMain] WARN  org.mybatis.spring.mapper.ClassPathMapperScanner - Skipping MapperFactoryBean with name 'mysqlOperaterDao' and 'com.lpf.ecs_springboot.dao.MysqlOperaterDao' mapperInterface. Bean already defined with the same name!
2021-01-28 14:58:04.838 [restartedMain] WARN  org.mybatis.spring.mapper.ClassPathMapperScanner - Skipping MapperFactoryBean with name 'noteDao' and 'com.lpf.ecs_springboot.dao.NoteDao' mapperInterface. Bean already defined with the same name!
2021-01-28 14:58:04.838 [restartedMain] WARN  org.mybatis.spring.mapper.ClassPathMapperScanner - Skipping MapperFactoryBean with name 'novelDao' and 'com.lpf.ecs_springboot.dao.NovelDao' mapperInterface. Bean already defined with the same name!
2021-01-28 14:58:04.838 [restartedMain] WARN  org.mybatis.spring.mapper.ClassPathMapperScanner - Skipping MapperFactoryBean with name 'touziDao' and 'com.lpf.ecs_springboot.dao.TouziDao' mapperInterface. Bean already defined with the same name!
2021-01-28 14:58:04.839 [restartedMain] WARN  org.mybatis.spring.mapper.ClassPathMapperScanner - Skipping MapperFactoryBean with name 'userDao' and 'com.lpf.ecs_springboot.dao.UserDao' mapperInterface. Bean already defined with the same name!
2021-01-28 14:58:04.839 [restartedMain] WARN  org.mybatis.spring.mapper.ClassPathMapperScanner - Skipping MapperFactoryBean with name 'userInfoDao' and 'com.lpf.ecs_springboot.dao.UserInfoDao' mapperInterface. Bean already defined with the same name!
2021-01-28 14:58:04.839 [restartedMain] WARN  org.mybatis.spring.mapper.ClassPathMapperScanner - No MyBatis mapper was found in '[com.lpf.ecs_springboot]' package. Please check your configuration.
